{"meta": {"format": 3, "version": "7.12.0", "timestamp": "2025-12-10T13:38:40.224921", "branch_coverage": false, "show_contexts": false}, "files": {"src\\functions\\config.py": {"executed_lines": [1, 6, 7, 10, 11, 13, 14, 15, 18, 19, 20, 23, 24, 27, 28, 29, 32, 35, 36, 37, 38, 39, 40, 43, 46, 47, 50, 53, 54, 55, 56, 59, 60, 62, 63, 72, 79, 80, 81, 84, 87, 93, 123, 126, 133, 134, 135], "summary": {"covered_lines": 44, "num_statements": 44, "percent_covered": 100.0, "percent_covered_display": "100", "missing_lines": 0, "excluded_lines": 0, "percent_statements_covered": 100.0, "percent_statements_covered_display": "100"}, "missing_lines": [], "excluded_lines": [], "functions": {"ConfigurationError.__init__": {"executed_lines": [14, 15], "summary": {"covered_lines": 2, "num_statements": 2, "percent_covered": 100.0, "percent_covered_display": "100", "missing_lines": 0, "excluded_lines": 0, "percent_statements_covered": 100.0, "percent_statements_covered_display": "100"}, "missing_lines": [], "excluded_lines": []}, "Config.from_environment": {"executed_lines": [72, 79, 80, 81, 84, 87, 93], "summary": {"covered_lines": 7, "num_statements": 7, "percent_covered": 100.0, "percent_covered_display": "100", "missing_lines": 0, "excluded_lines": 0, "percent_statements_covered": 100.0, "percent_statements_covered_display": "100"}, "missing_lines": [], "excluded_lines": []}, "get_config": {"executed_lines": [133, 134, 135], "summary": {"covered_lines": 3, "num_statements": 3, "percent_covered": 100.0, "percent_covered_display": "100", "missing_lines": 0, "excluded_lines": 0, "percent_statements_covered": 100.0, "percent_statements_covered_display": "100"}, "missing_lines": [], "excluded_lines": []}, "": {"executed_lines": [1, 6, 7, 10, 11, 13, 18, 19, 20, 23, 24, 27, 28, 29, 32, 35, 36, 37, 38, 39, 40, 43, 46, 47, 50, 53, 54, 55, 56, 59, 60, 62, 63, 123, 126], "summary": {"covered_lines": 32, "num_statements": 32, "percent_covered": 100.0, "percent_covered_display": "100", "missing_lines": 0, "excluded_lines": 0, "percent_statements_covered": 100.0, "percent_statements_covered_display": "100"}, "missing_lines": [], "excluded_lines": []}}, "classes": {"ConfigurationError": {"executed_lines": [14, 15], "summary": {"covered_lines": 2, "num_statements": 2, "percent_covered": 100.0, "percent_covered_display": "100", "missing_lines": 0, "excluded_lines": 0, "percent_statements_covered": 100.0, "percent_statements_covered_display": "100"}, "missing_lines": [], "excluded_lines": []}, "Config": {"executed_lines": [72, 79, 80, 81, 84, 87, 93], "summary": {"covered_lines": 7, "num_statements": 7, "percent_covered": 100.0, "percent_covered_display": "100", "missing_lines": 0, "excluded_lines": 0, "percent_statements_covered": 100.0, "percent_statements_covered_display": "100"}, "missing_lines": [], "excluded_lines": []}, "": {"executed_lines": [1, 6, 7, 10, 11, 13, 18, 19, 20, 23, 24, 27, 28, 29, 32, 35, 36, 37, 38, 39, 40, 43, 46, 47, 50, 53, 54, 55, 56, 59, 60, 62, 63, 123, 126, 133, 134, 135], "summary": {"covered_lines": 35, "num_statements": 35, "percent_covered": 100.0, "percent_covered_display": "100", "missing_lines": 0, "excluded_lines": 0, "percent_statements_covered": 100.0, "percent_statements_covered_display": "100"}, "missing_lines": [], "excluded_lines": []}}}, "src\\functions\\function_app.py": {"executed_lines": [1, 22, 23, 24, 25, 26, 27, 29, 31, 32, 57, 58, 59, 60, 63, 65, 68, 73, 80, 86, 90, 91, 93, 100, 109, 110, 112, 115, 151, 152, 153, 154, 157, 159, 160, 163, 164, 167, 170, 171, 179, 191, 194, 196, 204, 205, 206, 207, 210, 211, 213, 214, 215, 217, 219, 221, 223, 224, 225, 231, 232, 248, 249, 251, 252, 254, 255, 256, 259, 260, 269, 277, 285, 286, 287, 289, 292, 294, 301, 302, 303, 305, 307, 308, 310, 317, 318, 325, 327, 345, 346, 348, 350, 351, 352, 354, 355, 377, 383, 386, 387, 388, 389, 390, 392, 395, 405, 415, 416, 417, 425, 426, 427, 455, 458, 463, 466, 473, 474, 475, 476, 482, 483, 485, 486, 491, 492, 498, 499, 502, 503, 504, 514, 521, 522, 523, 524, 526, 527, 530, 531, 533, 546, 549, 552, 554, 556, 557, 563, 564, 565, 572, 573, 574, 581, 582, 583, 590, 591, 593, 594, 595, 596, 605, 609, 616, 617, 618, 625, 626, 627, 634, 635, 636, 649, 651, 652, 653, 655, 657, 658, 662, 664, 665, 666, 667, 669, 673, 675, 676, 682, 683, 689, 690, 692, 694, 695, 697, 705, 706, 709, 710, 713, 714, 715, 717, 718, 720, 728, 729, 731, 732, 733, 736, 737, 738, 744, 746, 747, 748, 750, 752, 753, 754, 756, 758, 759, 770, 779, 780, 781, 783, 784, 785, 788, 789, 790, 796, 798, 799, 800, 802, 804, 805, 806, 808, 809, 820, 821, 822, 823, 826, 838, 849, 850, 851, 853, 854, 855, 858, 859, 860, 940, 941, 942, 952, 954, 955, 956, 958, 960, 961, 963, 964, 965, 967, 968, 971, 974, 975, 976, 977, 980, 981, 983, 984, 985, 986, 987, 988, 990, 991, 994, 995, 996, 999, 1000, 1001, 1002, 1004, 1013, 1014, 1015, 1017, 1018, 1019, 1022, 1023, 1024, 1026, 1027, 1030, 1031, 1032, 1035, 1036, 1038, 1039, 1040, 1046, 1047, 1056, 1057, 1058, 1059, 1060, 1064, 1068, 1080, 1081, 1082, 1113, 1114, 1115, 1147, 1148, 1149, 1189, 1190, 1191, 1203, 1205, 1206, 1207, 1208, 1210, 1211, 1212, 1214, 1215, 1220, 1222, 1223, 1224, 1225, 1226, 1227, 1235, 1236, 1237, 1239, 1240, 1243, 1246, 1247, 1248, 1250, 1256, 1259, 1279, 1280, 1281, 1296, 1298, 1299, 1300, 1301, 1303, 1304, 1305, 1307, 1308, 1312, 1313, 1318, 1319, 1320, 1321, 1322, 1325, 1327, 1329, 1331, 1332, 1334, 1341, 1342, 1349, 1363, 1365, 1366, 1374, 1375, 1377, 1380, 1391, 1407, 1408, 1409, 1424, 1426, 1427, 1428, 1429, 1431, 1432, 1433, 1434, 1436, 1437, 1442, 1443, 1448, 1449, 1450, 1451, 1454, 1455, 1456, 1458, 1459, 1460, 1462, 1463, 1464, 1466, 1467, 1470, 1471, 1473, 1474, 1475, 1477, 1478, 1486, 1489, 1492, 1493, 1494, 1501, 1502, 1509, 1512, 1522, 1523, 1525, 1534, 1535, 1536, 1546, 1547, 1552, 1553, 1562, 1573, 1574, 1575, 1583, 1584, 1585, 1717, 1718, 1719, 1778, 1779, 1780, 1829, 1830, 1835, 1908, 1909, 1914], "summary": {"covered_lines": 481, "num_statements": 735, "percent_covered": 65.4421768707483, "percent_covered_display": "65", "missing_lines": 254, "excluded_lines": 0, "percent_statements_covered": 65.4421768707483, "percent_statements_covered_display": "65"}, "missing_lines": [111, 180, 181, 182, 278, 279, 281, 282, 283, 362, 363, 364, 369, 396, 422, 467, 505, 506, 507, 515, 516, 517, 519, 547, 550, 606, 607, 659, 660, 670, 872, 874, 875, 877, 878, 883, 884, 885, 887, 888, 890, 891, 898, 913, 914, 915, 917, 928, 929, 930, 932, 933, 935, 936, 937, 1051, 1052, 1053, 1061, 1062, 1104, 1106, 1124, 1126, 1127, 1130, 1131, 1132, 1134, 1142, 1143, 1144, 1155, 1157, 1158, 1159, 1161, 1162, 1163, 1168, 1229, 1257, 1274, 1275, 1276, 1309, 1310, 1335, 1355, 1356, 1357, 1369, 1370, 1371, 1381, 1382, 1402, 1403, 1404, 1608, 1610, 1611, 1612, 1613, 1615, 1616, 1618, 1619, 1620, 1621, 1623, 1624, 1625, 1627, 1628, 1634, 1635, 1636, 1637, 1638, 1639, 1645, 1646, 1647, 1649, 1650, 1652, 1653, 1656, 1667, 1669, 1671, 1672, 1673, 1682, 1683, 1692, 1693, 1694, 1700, 1710, 1711, 1712, 1713, 1714, 1727, 1729, 1730, 1731, 1733, 1734, 1735, 1736, 1738, 1739, 1740, 1742, 1753, 1754, 1755, 1756, 1759, 1760, 1763, 1764, 1765, 1766, 1767, 1768, 1769, 1771, 1773, 1774, 1775, 1787, 1789, 1790, 1791, 1792, 1795, 1796, 1797, 1799, 1801, 1817, 1818, 1819, 1820, 1821, 1840, 1842, 1844, 1845, 1847, 1848, 1849, 1850, 1852, 1853, 1854, 1855, 1858, 1859, 1860, 1861, 1863, 1865, 1867, 1878, 1879, 1880, 1882, 1883, 1885, 1886, 1887, 1890, 1891, 1892, 1894, 1896, 1897, 1898, 1899, 1900, 1922, 1923, 1925, 1926, 1927, 1929, 1930, 1931, 1932, 1933, 1935, 1936, 1937, 1940, 1942, 1945, 1947, 1949, 1956, 1958, 1959, 1962, 1963, 1964, 1970, 1971, 1972, 1984, 1985], "excluded_lines": [], "functions": {"create_response": {"executed_lines": [73], "summary": {"covered_lines": 1, "num_statements": 1, "percent_covered": 100.0, "percent_covered_display": "100", "missing_lines": 0, "excluded_lines": 0, "percent_statements_covered": 100.0, "percent_statements_covered_display": "100"}, "missing_lines": [], "excluded_lines": []}, "create_error_response": {"executed_lines": [86, 90, 91, 93], "summary": {"covered_lines": 4, "num_statements": 4, "percent_covered": 100.0, "percent_covered_display": "100", "missing_lines": 0, "excluded_lines": 0, "percent_statements_covered": 100.0, "percent_statements_covered_display": "100"}, "missing_lines": [], "excluded_lines": []}, "get_tenant_id": {"executed_lines": [109, 110, 112], "summary": {"covered_lines": 3, "num_statements": 4, "percent_covered": 75.0, "percent_covered_display": "75", "missing_lines": 1, "excluded_lines": 0, "percent_statements_covered": 75.0, "percent_statements_covered_display": "75"}, "missing_lines": [111], "excluded_lines": []}, "process_pdf_internal": {"executed_lines": [151, 152, 153, 154, 157, 159, 160, 163, 164, 167, 170, 171, 179, 191, 194, 196, 204, 205, 206, 207, 210, 211, 213, 214, 215, 217, 219, 221, 223, 224, 225, 231, 232, 248, 249, 251, 252, 254, 255, 256, 259, 260, 269, 277, 285, 286, 287, 289, 292, 294, 377, 383, 386, 387, 388, 389, 390, 392, 395, 405], "summary": {"covered_lines": 60, "num_statements": 69, "percent_covered": 86.95652173913044, "percent_covered_display": "87", "missing_lines": 9, "excluded_lines": 0, "percent_statements_covered": 86.95652173913044, "percent_statements_covered_display": "87"}, "missing_lines": [180, 181, 182, 278, 279, 281, 282, 283, 396], "excluded_lines": []}, "process_pdf_internal.process_form": {"executed_lines": [301, 302, 303, 305, 307, 308, 310, 317, 318, 325, 327, 345, 346, 348, 350, 351, 352, 354, 355], "summary": {"covered_lines": 19, "num_statements": 23, "percent_covered": 82.6086956521739, "percent_covered_display": "83", "missing_lines": 4, "excluded_lines": 0, "percent_statements_covered": 82.6086956521739, "percent_statements_covered_display": "83"}, "missing_lines": [362, 363, 364, 369], "excluded_lines": []}, "process_document_v1": {"executed_lines": [], "summary": {"covered_lines": 0, "num_statements": 1, "percent_covered": 0.0, "percent_covered_display": "0", "missing_lines": 1, "excluded_lines": 0, "percent_statements_covered": 0.0, "percent_statements_covered_display": "0"}, "missing_lines": [422], "excluded_lines": []}, "process_document": {"executed_lines": [455], "summary": {"covered_lines": 1, "num_statements": 1, "percent_covered": 100.0, "percent_covered_display": "100", "missing_lines": 0, "excluded_lines": 0, "percent_statements_covered": 100.0, "percent_statements_covered_display": "100"}, "missing_lines": [], "excluded_lines": []}, "_process_document_impl": {"executed_lines": [463, 466, 473, 474, 475, 476, 482, 483, 485, 486, 491, 492, 498, 499, 502, 503, 504, 514, 521, 522, 523, 524, 526, 527, 530, 531, 533, 546, 549, 552, 554, 556, 557, 563, 564, 565, 572, 573, 574, 581, 582, 583, 590, 591, 593, 594, 595, 596, 605, 609, 616, 617, 618, 625, 626, 627], "summary": {"covered_lines": 56, "num_statements": 68, "percent_covered": 82.3529411764706, "percent_covered_display": "82", "missing_lines": 12, "excluded_lines": 0, "percent_statements_covered": 82.3529411764706, "percent_statements_covered_display": "82"}, "missing_lines": [467, 505, 506, 507, 515, 516, 517, 519, 547, 550, 606, 607], "excluded_lines": []}, "reprocess_document": {"executed_lines": [649, 651, 652, 653, 655, 657, 658, 662, 664, 665, 666, 667, 669, 673, 675, 676, 682, 683, 689, 690, 692, 694, 695, 697, 705, 706, 709, 710, 713, 714, 715, 717, 718, 720, 728, 729, 731, 732, 733], "summary": {"covered_lines": 39, "num_statements": 42, "percent_covered": 92.85714285714286, "percent_covered_display": "93", "missing_lines": 3, "excluded_lines": 0, "percent_statements_covered": 92.85714285714286, "percent_statements_covered_display": "93"}, "missing_lines": [659, 660, 670], "excluded_lines": []}, "get_document_status": {"executed_lines": [744, 746, 747, 748, 750, 752, 753, 754, 756, 758, 759, 770, 779, 780, 781, 783, 784, 785], "summary": {"covered_lines": 18, "num_statements": 18, "percent_covered": 100.0, "percent_covered_display": "100", "missing_lines": 0, "excluded_lines": 0, "percent_statements_covered": 100.0, "percent_statements_covered_display": "100"}, "missing_lines": [], "excluded_lines": []}, "get_batch_status": {"executed_lines": [796, 798, 799, 800, 802, 804, 805, 806, 808, 809, 820, 821, 822, 823, 826, 838, 849, 850, 851, 853, 854, 855], "summary": {"covered_lines": 22, "num_statements": 22, "percent_covered": 100.0, "percent_covered_display": "100", "missing_lines": 0, "excluded_lines": 0, "percent_statements_covered": 100.0, "percent_statements_covered_display": "100"}, "missing_lines": [], "excluded_lines": []}, "get_tenant_documents": {"executed_lines": [], "summary": {"covered_lines": 0, "num_statements": 25, "percent_covered": 0.0, "percent_covered_display": "0", "missing_lines": 25, "excluded_lines": 0, "percent_statements_covered": 0.0, "percent_statements_covered_display": "0"}, "missing_lines": [872, 874, 875, 877, 878, 883, 884, 885, 887, 888, 890, 891, 898, 913, 914, 915, 917, 928, 929, 930, 932, 933, 935, 936, 937], "excluded_lines": []}, "delete_document": {"executed_lines": [952, 954, 955, 956, 958, 960, 961, 963, 964, 965, 967, 968, 971, 974, 975, 976, 977, 980, 981, 983, 984, 985, 986, 987, 988, 990, 991, 994, 995, 996, 999, 1000, 1001, 1002, 1004, 1013, 1014, 1015, 1017, 1018, 1019], "summary": {"covered_lines": 41, "num_statements": 41, "percent_covered": 100.0, "percent_covered_display": "100", "missing_lines": 0, "excluded_lines": 0, "percent_statements_covered": 100.0, "percent_statements_covered_display": "100"}, "missing_lines": [], "excluded_lines": []}, "health_check": {"executed_lines": [1026, 1027, 1030, 1031, 1032, 1035, 1036, 1038, 1039, 1040, 1046, 1047, 1056, 1057, 1058, 1059, 1060, 1064, 1068], "summary": {"covered_lines": 19, "num_statements": 24, "percent_covered": 79.16666666666667, "percent_covered_display": "79", "missing_lines": 5, "excluded_lines": 0, "percent_statements_covered": 79.16666666666667, "percent_statements_covered_display": "79"}, "missing_lines": [1051, 1052, 1053, 1061, 1062], "excluded_lines": []}, "get_api_versions": {"executed_lines": [], "summary": {"covered_lines": 0, "num_statements": 2, "percent_covered": 0.0, "percent_covered_display": "0", "missing_lines": 2, "excluded_lines": 0, "percent_statements_covered": 0.0, "percent_statements_covered_display": "0"}, "missing_lines": [1104, 1106], "excluded_lines": []}, "list_processing_profiles": {"executed_lines": [], "summary": {"covered_lines": 0, "num_statements": 10, "percent_covered": 0.0, "percent_covered_display": "0", "missing_lines": 10, "excluded_lines": 0, "percent_statements_covered": 0.0, "percent_statements_covered_display": "0"}, "missing_lines": [1124, 1126, 1127, 1130, 1131, 1132, 1134, 1142, 1143, 1144], "excluded_lines": []}, "get_processing_profile": {"executed_lines": [], "summary": {"covered_lines": 0, "num_statements": 8, "percent_covered": 0.0, "percent_covered_display": "0", "missing_lines": 8, "excluded_lines": 0, "percent_statements_covered": 0.0, "percent_statements_covered_display": "0"}, "missing_lines": [1155, 1157, 1158, 1159, 1161, 1162, 1163, 1168], "excluded_lines": []}, "estimate_cost": {"executed_lines": [1203, 1205, 1206, 1207, 1208, 1210, 1211, 1212, 1214, 1215, 1220, 1222, 1223, 1224, 1225, 1226, 1227, 1235, 1236, 1237, 1239, 1240, 1243, 1246, 1247, 1248, 1250, 1256, 1259], "summary": {"covered_lines": 29, "num_statements": 34, "percent_covered": 85.29411764705883, "percent_covered_display": "85", "missing_lines": 5, "excluded_lines": 0, "percent_statements_covered": 85.29411764705883, "percent_statements_covered_display": "85"}, "missing_lines": [1229, 1257, 1274, 1275, 1276], "excluded_lines": []}, "batch_process": {"executed_lines": [1296, 1298, 1299, 1300, 1301, 1303, 1304, 1305, 1307, 1308, 1312, 1313, 1318, 1319, 1320, 1321, 1322, 1325, 1327, 1329, 1363, 1365, 1366, 1374, 1375, 1377, 1380, 1391], "summary": {"covered_lines": 28, "num_statements": 38, "percent_covered": 73.6842105263158, "percent_covered_display": "74", "missing_lines": 10, "excluded_lines": 0, "percent_statements_covered": 73.6842105263158, "percent_statements_covered_display": "74"}, "missing_lines": [1309, 1310, 1369, 1370, 1371, 1381, 1382, 1402, 1403, 1404], "excluded_lines": []}, "batch_process.process_single": {"executed_lines": [1331, 1332, 1334, 1341, 1342, 1349], "summary": {"covered_lines": 6, "num_statements": 10, "percent_covered": 60.0, "percent_covered_display": "60", "missing_lines": 4, "excluded_lines": 0, "percent_statements_covered": 60.0, "percent_statements_covered_display": "60"}, "missing_lines": [1335, 1355, 1356, 1357], "excluded_lines": []}, "process_multi_model": {"executed_lines": [1424, 1426, 1427, 1428, 1429, 1431, 1432, 1433, 1434, 1436, 1437, 1442, 1443, 1448, 1449, 1450, 1451, 1454, 1455, 1456, 1458, 1459, 1460, 1462, 1463, 1464, 1466, 1467, 1470, 1471, 1473, 1474, 1475, 1477, 1478, 1486, 1489, 1492, 1493, 1494, 1501, 1502, 1509, 1512, 1522, 1523, 1525, 1534, 1535, 1536, 1546, 1547, 1552, 1553, 1562, 1573, 1574, 1575], "summary": {"covered_lines": 58, "num_statements": 58, "percent_covered": 100.0, "percent_covered_display": "100", "missing_lines": 0, "excluded_lines": 0, "percent_statements_covered": 100.0, "percent_statements_covered_display": "100"}, "missing_lines": [], "excluded_lines": []}, "submit_job": {"executed_lines": [], "summary": {"covered_lines": 0, "num_statements": 46, "percent_covered": 0.0, "percent_covered_display": "0", "missing_lines": 46, "excluded_lines": 0, "percent_statements_covered": 0.0, "percent_statements_covered_display": "0"}, "missing_lines": [1608, 1610, 1611, 1612, 1613, 1615, 1616, 1618, 1619, 1620, 1621, 1623, 1624, 1625, 1627, 1628, 1634, 1635, 1636, 1637, 1638, 1639, 1645, 1646, 1647, 1649, 1650, 1652, 1653, 1656, 1667, 1669, 1671, 1672, 1673, 1682, 1683, 1692, 1693, 1694, 1700, 1710, 1711, 1712, 1713, 1714], "excluded_lines": []}, "get_job_status": {"executed_lines": [], "summary": {"covered_lines": 0, "num_statements": 29, "percent_covered": 0.0, "percent_covered_display": "0", "missing_lines": 29, "excluded_lines": 0, "percent_statements_covered": 0.0, "percent_statements_covered_display": "0"}, "missing_lines": [1727, 1729, 1730, 1731, 1733, 1734, 1735, 1736, 1738, 1739, 1740, 1742, 1753, 1754, 1755, 1756, 1759, 1760, 1763, 1764, 1765, 1766, 1767, 1768, 1769, 1771, 1773, 1774, 1775], "excluded_lines": []}, "list_jobs": {"executed_lines": [], "summary": {"covered_lines": 0, "num_statements": 15, "percent_covered": 0.0, "percent_covered_display": "0", "missing_lines": 15, "excluded_lines": 0, "percent_statements_covered": 0.0, "percent_statements_covered_display": "0"}, "missing_lines": [1787, 1789, 1790, 1791, 1792, 1795, 1796, 1797, 1799, 1801, 1817, 1818, 1819, 1820, 1821], "excluded_lines": []}, "process_job_queue": {"executed_lines": [], "summary": {"covered_lines": 0, "num_statements": 36, "percent_covered": 0.0, "percent_covered_display": "0", "missing_lines": 36, "excluded_lines": 0, "percent_statements_covered": 0.0, "percent_statements_covered_display": "0"}, "missing_lines": [1840, 1842, 1844, 1845, 1847, 1848, 1849, 1850, 1852, 1853, 1854, 1855, 1858, 1859, 1860, 1861, 1863, 1865, 1867, 1878, 1879, 1880, 1882, 1883, 1885, 1886, 1887, 1890, 1891, 1892, 1894, 1896, 1897, 1898, 1899, 1900], "excluded_lines": []}, "process_blob_trigger": {"executed_lines": [], "summary": {"covered_lines": 0, "num_statements": 29, "percent_covered": 0.0, "percent_covered_display": "0", "missing_lines": 29, "excluded_lines": 0, "percent_statements_covered": 0.0, "percent_statements_covered_display": "0"}, "missing_lines": [1922, 1923, 1925, 1926, 1927, 1929, 1930, 1931, 1932, 1933, 1935, 1936, 1937, 1940, 1942, 1945, 1947, 1949, 1956, 1958, 1959, 1962, 1963, 1964, 1970, 1971, 1972, 1984, 1985], "excluded_lines": []}, "": {"executed_lines": [1, 22, 23, 24, 25, 26, 27, 29, 31, 32, 57, 58, 59, 60, 63, 65, 68, 80, 100, 115, 415, 416, 417, 425, 426, 427, 458, 634, 635, 636, 736, 737, 738, 788, 789, 790, 858, 859, 860, 940, 941, 942, 1022, 1023, 1024, 1080, 1081, 1082, 1113, 1114, 1115, 1147, 1148, 1149, 1189, 1190, 1191, 1279, 1280, 1281, 1407, 1408, 1409, 1583, 1584, 1585, 1717, 1718, 1719, 1778, 1779, 1780, 1829, 1830, 1835, 1908, 1909, 1914], "summary": {"covered_lines": 77, "num_statements": 77, "percent_covered": 100.0, "percent_covered_display": "100", "missing_lines": 0, "excluded_lines": 0, "percent_statements_covered": 100.0, "percent_statements_covered_display": "100"}, "missing_lines": [], "excluded_lines": []}}, "classes": {"": {"executed_lines": [1, 22, 23, 24, 25, 26, 27, 29, 31, 32, 57, 58, 59, 60, 63, 65, 68, 73, 80, 86, 90, 91, 93, 100, 109, 110, 112, 115, 151, 152, 153, 154, 157, 159, 160, 163, 164, 167, 170, 171, 179, 191, 194, 196, 204, 205, 206, 207, 210, 211, 213, 214, 215, 217, 219, 221, 223, 224, 225, 231, 232, 248, 249, 251, 252, 254, 255, 256, 259, 260, 269, 277, 285, 286, 287, 289, 292, 294, 301, 302, 303, 305, 307, 308, 310, 317, 318, 325, 327, 345, 346, 348, 350, 351, 352, 354, 355, 377, 383, 386, 387, 388, 389, 390, 392, 395, 405, 415, 416, 417, 425, 426, 427, 455, 458, 463, 466, 473, 474, 475, 476, 482, 483, 485, 486, 491, 492, 498, 499, 502, 503, 504, 514, 521, 522, 523, 524, 526, 527, 530, 531, 533, 546, 549, 552, 554, 556, 557, 563, 564, 565, 572, 573, 574, 581, 582, 583, 590, 591, 593, 594, 595, 596, 605, 609, 616, 617, 618, 625, 626, 627, 634, 635, 636, 649, 651, 652, 653, 655, 657, 658, 662, 664, 665, 666, 667, 669, 673, 675, 676, 682, 683, 689, 690, 692, 694, 695, 697, 705, 706, 709, 710, 713, 714, 715, 717, 718, 720, 728, 729, 731, 732, 733, 736, 737, 738, 744, 746, 747, 748, 750, 752, 753, 754, 756, 758, 759, 770, 779, 780, 781, 783, 784, 785, 788, 789, 790, 796, 798, 799, 800, 802, 804, 805, 806, 808, 809, 820, 821, 822, 823, 826, 838, 849, 850, 851, 853, 854, 855, 858, 859, 860, 940, 941, 942, 952, 954, 955, 956, 958, 960, 961, 963, 964, 965, 967, 968, 971, 974, 975, 976, 977, 980, 981, 983, 984, 985, 986, 987, 988, 990, 991, 994, 995, 996, 999, 1000, 1001, 1002, 1004, 1013, 1014, 1015, 1017, 1018, 1019, 1022, 1023, 1024, 1026, 1027, 1030, 1031, 1032, 1035, 1036, 1038, 1039, 1040, 1046, 1047, 1056, 1057, 1058, 1059, 1060, 1064, 1068, 1080, 1081, 1082, 1113, 1114, 1115, 1147, 1148, 1149, 1189, 1190, 1191, 1203, 1205, 1206, 1207, 1208, 1210, 1211, 1212, 1214, 1215, 1220, 1222, 1223, 1224, 1225, 1226, 1227, 1235, 1236, 1237, 1239, 1240, 1243, 1246, 1247, 1248, 1250, 1256, 1259, 1279, 1280, 1281, 1296, 1298, 1299, 1300, 1301, 1303, 1304, 1305, 1307, 1308, 1312, 1313, 1318, 1319, 1320, 1321, 1322, 1325, 1327, 1329, 1331, 1332, 1334, 1341, 1342, 1349, 1363, 1365, 1366, 1374, 1375, 1377, 1380, 1391, 1407, 1408, 1409, 1424, 1426, 1427, 1428, 1429, 1431, 1432, 1433, 1434, 1436, 1437, 1442, 1443, 1448, 1449, 1450, 1451, 1454, 1455, 1456, 1458, 1459, 1460, 1462, 1463, 1464, 1466, 1467, 1470, 1471, 1473, 1474, 1475, 1477, 1478, 1486, 1489, 1492, 1493, 1494, 1501, 1502, 1509, 1512, 1522, 1523, 1525, 1534, 1535, 1536, 1546, 1547, 1552, 1553, 1562, 1573, 1574, 1575, 1583, 1584, 1585, 1717, 1718, 1719, 1778, 1779, 1780, 1829, 1830, 1835, 1908, 1909, 1914], "summary": {"covered_lines": 481, "num_statements": 735, "percent_covered": 65.4421768707483, "percent_covered_display": "65", "missing_lines": 254, "excluded_lines": 0, "percent_statements_covered": 65.4421768707483, "percent_statements_covered_display": "65"}, "missing_lines": [111, 180, 181, 182, 278, 279, 281, 282, 283, 362, 363, 364, 369, 396, 422, 467, 505, 506, 507, 515, 516, 517, 519, 547, 550, 606, 607, 659, 660, 670, 872, 874, 875, 877, 878, 883, 884, 885, 887, 888, 890, 891, 898, 913, 914, 915, 917, 928, 929, 930, 932, 933, 935, 936, 937, 1051, 1052, 1053, 1061, 1062, 1104, 1106, 1124, 1126, 1127, 1130, 1131, 1132, 1134, 1142, 1143, 1144, 1155, 1157, 1158, 1159, 1161, 1162, 1163, 1168, 1229, 1257, 1274, 1275, 1276, 1309, 1310, 1335, 1355, 1356, 1357, 1369, 1370, 1371, 1381, 1382, 1402, 1403, 1404, 1608, 1610, 1611, 1612, 1613, 1615, 1616, 1618, 1619, 1620, 1621, 1623, 1624, 1625, 1627, 1628, 1634, 1635, 1636, 1637, 1638, 1639, 1645, 1646, 1647, 1649, 1650, 1652, 1653, 1656, 1667, 1669, 1671, 1672, 1673, 1682, 1683, 1692, 1693, 1694, 1700, 1710, 1711, 1712, 1713, 1714, 1727, 1729, 1730, 1731, 1733, 1734, 1735, 1736, 1738, 1739, 1740, 1742, 1753, 1754, 1755, 1756, 1759, 1760, 1763, 1764, 1765, 1766, 1767, 1768, 1769, 1771, 1773, 1774, 1775, 1787, 1789, 1790, 1791, 1792, 1795, 1796, 1797, 1799, 1801, 1817, 1818, 1819, 1820, 1821, 1840, 1842, 1844, 1845, 1847, 1848, 1849, 1850, 1852, 1853, 1854, 1855, 1858, 1859, 1860, 1861, 1863, 1865, 1867, 1878, 1879, 1880, 1882, 1883, 1885, 1886, 1887, 1890, 1891, 1892, 1894, 1896, 1897, 1898, 1899, 1900, 1922, 1923, 1925, 1926, 1927, 1929, 1930, 1931, 1932, 1933, 1935, 1936, 1937, 1940, 1942, 1945, 1947, 1949, 1956, 1958, 1959, 1962, 1963, 1964, 1970, 1971, 1972, 1984, 1985], "excluded_lines": []}}}, "src\\functions\\middleware.py": {"executed_lines": [1, 6, 7, 8, 9, 10, 12, 13, 15, 17, 19, 22, 41, 42, 43, 44, 45, 46, 47, 48, 49, 53, 54, 55, 56, 58, 61, 62, 64, 65, 66, 67, 68, 76, 82, 84, 87, 106, 107, 108, 109, 112, 113, 115, 120, 121, 124, 129, 130, 144, 147, 148, 149, 151, 153, 155, 158, 176, 178, 179, 180, 181, 184, 185, 186, 188, 190, 191, 196, 197, 202, 204, 206, 209, 224, 228, 229, 231], "summary": {"covered_lines": 77, "num_statements": 77, "percent_covered": 100.0, "percent_covered_display": "100", "missing_lines": 0, "excluded_lines": 3, "percent_statements_covered": 100.0, "percent_statements_covered_display": "100"}, "missing_lines": [], "excluded_lines": [26, 91, 162], "functions": {"validate_request": {"executed_lines": [41, 42, 84], "summary": {"covered_lines": 3, "num_statements": 3, "percent_covered": 100.0, "percent_covered_display": "100", "missing_lines": 0, "excluded_lines": 1, "percent_statements_covered": 100.0, "percent_statements_covered_display": "100"}, "missing_lines": [], "excluded_lines": [26]}, "validate_request.decorator": {"executed_lines": [43, 82], "summary": {"covered_lines": 2, "num_statements": 2, "percent_covered": 100.0, "percent_covered_display": "100", "missing_lines": 0, "excluded_lines": 0, "percent_statements_covered": 100.0, "percent_statements_covered_display": "100"}, "missing_lines": [], "excluded_lines": []}, "validate_request.decorator.wrapper": {"executed_lines": [44, 45, 46, 47, 48, 49, 53, 54, 55, 56, 58, 61, 62, 64, 65, 66, 67, 68, 76], "summary": {"covered_lines": 19, "num_statements": 19, "percent_covered": 100.0, "percent_covered_display": "100", "missing_lines": 0, "excluded_lines": 0, "percent_statements_covered": 100.0, "percent_statements_covered_display": "100"}, "missing_lines": [], "excluded_lines": []}, "rate_limit": {"executed_lines": [106, 107, 155], "summary": {"covered_lines": 3, "num_statements": 3, "percent_covered": 100.0, "percent_covered_display": "100", "missing_lines": 0, "excluded_lines": 1, "percent_statements_covered": 100.0, "percent_statements_covered_display": "100"}, "missing_lines": [], "excluded_lines": [91]}, "rate_limit.decorator": {"executed_lines": [108, 153], "summary": {"covered_lines": 2, "num_statements": 2, "percent_covered": 100.0, "percent_covered_display": "100", "missing_lines": 0, "excluded_lines": 0, "percent_statements_covered": 100.0, "percent_statements_covered_display": "100"}, "missing_lines": [], "excluded_lines": []}, "rate_limit.decorator.wrapper": {"executed_lines": [109, 112, 113, 115, 120, 121, 124, 129, 130, 144, 147, 148, 149, 151], "summary": {"covered_lines": 14, "num_statements": 14, "percent_covered": 100.0, "percent_covered_display": "100", "missing_lines": 0, "excluded_lines": 0, "percent_statements_covered": 100.0, "percent_statements_covered_display": "100"}, "missing_lines": [], "excluded_lines": []}, "require_auth": {"executed_lines": [176, 178, 179, 206], "summary": {"covered_lines": 4, "num_statements": 4, "percent_covered": 100.0, "percent_covered_display": "100", "missing_lines": 0, "excluded_lines": 1, "percent_statements_covered": 100.0, "percent_statements_covered_display": "100"}, "missing_lines": [], "excluded_lines": [162]}, "require_auth.decorator": {"executed_lines": [180, 204], "summary": {"covered_lines": 2, "num_statements": 2, "percent_covered": 100.0, "percent_covered_display": "100", "missing_lines": 0, "excluded_lines": 0, "percent_statements_covered": 100.0, "percent_statements_covered_display": "100"}, "missing_lines": [], "excluded_lines": []}, "require_auth.decorator.wrapper": {"executed_lines": [181, 184, 185, 186, 188, 190, 191, 196, 197, 202], "summary": {"covered_lines": 10, "num_statements": 10, "percent_covered": 100.0, "percent_covered_display": "100", "missing_lines": 0, "excluded_lines": 0, "percent_statements_covered": 100.0, "percent_statements_covered_display": "100"}, "missing_lines": [], "excluded_lines": []}, "_error_response": {"executed_lines": [224, 228, 229, 231], "summary": {"covered_lines": 4, "num_statements": 4, "percent_covered": 100.0, "percent_covered_display": "100", "missing_lines": 0, "excluded_lines": 0, "percent_statements_covered": 100.0, "percent_statements_covered_display": "100"}, "missing_lines": [], "excluded_lines": []}, "": {"executed_lines": [1, 6, 7, 8, 9, 10, 12, 13, 15, 17, 19, 22, 87, 158, 209], "summary": {"covered_lines": 14, "num_statements": 14, "percent_covered": 100.0, "percent_covered_display": "100", "missing_lines": 0, "excluded_lines": 0, "percent_statements_covered": 100.0, "percent_statements_covered_display": "100"}, "missing_lines": [], "excluded_lines": []}}, "classes": {"": {"executed_lines": [1, 6, 7, 8, 9, 10, 12, 13, 15, 17, 19, 22, 41, 42, 43, 44, 45, 46, 47, 48, 49, 53, 54, 55, 56, 58, 61, 62, 64, 65, 66, 67, 68, 76, 82, 84, 87, 106, 107, 108, 109, 112, 113, 115, 120, 121, 124, 129, 130, 144, 147, 148, 149, 151, 153, 155, 158, 176, 178, 179, 180, 181, 184, 185, 186, 188, 190, 191, 196, 197, 202, 204, 206, 209, 224, 228, 229, 231], "summary": {"covered_lines": 77, "num_statements": 77, "percent_covered": 100.0, "percent_covered_display": "100", "missing_lines": 0, "excluded_lines": 3, "percent_statements_covered": 100.0, "percent_statements_covered_display": "100"}, "missing_lines": [], "excluded_lines": [26, 91, 162]}}}, "src\\functions\\models.py": {"executed_lines": [1, 6, 7, 8, 10, 13, 14, 16, 17, 18, 19, 20, 28, 29, 31, 36, 42, 47, 53, 55, 56, 57, 59, 60, 61, 64, 65, 67, 72, 76, 82, 85, 86, 88, 93, 99, 102, 103, 105, 111, 116, 121, 126, 129, 130, 132, 137, 144, 150, 152, 153, 154, 157, 160, 161, 163, 168, 174, 179, 185, 193, 194, 196, 197, 198, 199, 200, 202, 205, 206, 208, 209, 210, 211, 212, 213, 214, 216, 219, 220, 222, 223, 224, 225, 226, 227, 229, 232, 233, 235, 236, 237, 238, 239, 240, 242, 245, 246, 248, 249, 250, 251, 253, 256, 257, 259, 260, 261, 262, 263, 269, 272, 273, 275, 276, 277, 278, 279, 280, 282, 285, 286, 288, 289, 290, 291, 292, 293, 295, 298, 299, 301, 302, 303, 311, 312, 314, 318, 319, 320, 321, 322, 323, 324, 326, 334, 335, 337, 338, 339, 340, 341, 342, 343, 344, 345, 346, 347, 348, 349, 350, 351, 352, 354], "summary": {"covered_lines": 145, "num_statements": 145, "percent_covered": 100.0, "percent_covered_display": "100", "missing_lines": 0, "excluded_lines": 0, "percent_statements_covered": 100.0, "percent_statements_covered_display": "100"}, "missing_lines": [], "excluded_lines": [], "functions": {"ProcessDocumentRequest.validate_blob_name": {"executed_lines": [59, 60, 61], "summary": {"covered_lines": 3, "num_statements": 3, "percent_covered": 100.0, "percent_covered_display": "100", "missing_lines": 0, "excluded_lines": 0, "percent_statements_covered": 100.0, "percent_statements_covered_display": "100"}, "missing_lines": [], "excluded_lines": []}, "CostEstimateRequest.validate_page_count": {"executed_lines": [157], "summary": {"covered_lines": 1, "num_statements": 1, "percent_covered": 100.0, "percent_covered_display": "100", "missing_lines": 0, "excluded_lines": 0, "percent_statements_covered": 100.0, "percent_statements_covered_display": "100"}, "missing_lines": [], "excluded_lines": []}, "": {"executed_lines": [1, 6, 7, 8, 10, 13, 14, 16, 17, 18, 19, 20, 28, 29, 31, 36, 42, 47, 53, 55, 56, 57, 64, 65, 67, 72, 76, 82, 85, 86, 88, 93, 99, 102, 103, 105, 111, 116, 121, 126, 129, 130, 132, 137, 144, 150, 152, 153, 154, 160, 161, 163, 168, 174, 179, 185, 193, 194, 196, 197, 198, 199, 200, 202, 205, 206, 208, 209, 210, 211, 212, 213, 214, 216, 219, 220, 222, 223, 224, 225, 226, 227, 229, 232, 233, 235, 236, 237, 238, 239, 240, 242, 245, 246, 248, 249, 250, 251, 253, 256, 257, 259, 260, 261, 262, 263, 269, 272, 273, 275, 276, 277, 278, 279, 280, 282, 285, 286, 288, 289, 290, 291, 292, 293, 295, 298, 299, 301, 302, 303, 311, 312, 314, 318, 319, 320, 321, 322, 323, 324, 326, 334, 335, 337, 338, 339, 340, 341, 342, 343, 344, 345, 346, 347, 348, 349, 350, 351, 352, 354], "summary": {"covered_lines": 141, "num_statements": 141, "percent_covered": 100.0, "percent_covered_display": "100", "missing_lines": 0, "excluded_lines": 0, "percent_statements_covered": 100.0, "percent_statements_covered_display": "100"}, "missing_lines": [], "excluded_lines": []}}, "classes": {"ProcessingStatus": {"executed_lines": [], "summary": {"covered_lines": 0, "num_statements": 0, "percent_covered": 100.0, "percent_covered_display": "100", "missing_lines": 0, "excluded_lines": 0, "percent_statements_covered": 100.0, "percent_statements_covered_display": "100"}, "missing_lines": [], "excluded_lines": []}, "ProcessDocumentRequest": {"executed_lines": [59, 60, 61], "summary": {"covered_lines": 3, "num_statements": 3, "percent_covered": 100.0, "percent_covered_display": "100", "missing_lines": 0, "excluded_lines": 0, "percent_statements_covered": 100.0, "percent_statements_covered_display": "100"}, "missing_lines": [], "excluded_lines": []}, "ReprocessRequest": {"executed_lines": [], "summary": {"covered_lines": 0, "num_statements": 0, "percent_covered": 100.0, "percent_covered_display": "100", "missing_lines": 0, "excluded_lines": 0, "percent_statements_covered": 100.0, "percent_statements_covered_display": "100"}, "missing_lines": [], "excluded_lines": []}, "DeleteDocumentRequest": {"executed_lines": [], "summary": {"covered_lines": 0, "num_statements": 0, "percent_covered": 100.0, "percent_covered_display": "100", "missing_lines": 0, "excluded_lines": 0, "percent_statements_covered": 100.0, "percent_statements_covered_display": "100"}, "missing_lines": [], "excluded_lines": []}, "BatchProcessRequest": {"executed_lines": [], "summary": {"covered_lines": 0, "num_statements": 0, "percent_covered": 100.0, "percent_covered_display": "100", "missing_lines": 0, "excluded_lines": 0, "percent_statements_covered": 100.0, "percent_statements_covered_display": "100"}, "missing_lines": [], "excluded_lines": []}, "CostEstimateRequest": {"executed_lines": [157], "summary": {"covered_lines": 1, "num_statements": 1, "percent_covered": 100.0, "percent_covered_display": "100", "missing_lines": 0, "excluded_lines": 0, "percent_statements_covered": 100.0, "percent_statements_covered_display": "100"}, "missing_lines": [], "excluded_lines": []}, "MultiModelRequest": {"executed_lines": [], "summary": {"covered_lines": 0, "num_statements": 0, "percent_covered": 100.0, "percent_covered_display": "100", "missing_lines": 0, "excluded_lines": 0, "percent_statements_covered": 100.0, "percent_statements_covered_display": "100"}, "missing_lines": [], "excluded_lines": []}, "FormResult": {"executed_lines": [], "summary": {"covered_lines": 0, "num_statements": 0, "percent_covered": 100.0, "percent_covered_display": "100", "missing_lines": 0, "excluded_lines": 0, "percent_statements_covered": 100.0, "percent_statements_covered_display": "100"}, "missing_lines": [], "excluded_lines": []}, "ProcessDocumentResponse": {"executed_lines": [], "summary": {"covered_lines": 0, "num_statements": 0, "percent_covered": 100.0, "percent_covered_display": "100", "missing_lines": 0, "excluded_lines": 0, "percent_statements_covered": 100.0, "percent_statements_covered_display": "100"}, "missing_lines": [], "excluded_lines": []}, "DocumentStatusResponse": {"executed_lines": [], "summary": {"covered_lines": 0, "num_statements": 0, "percent_covered": 100.0, "percent_covered_display": "100", "missing_lines": 0, "excluded_lines": 0, "percent_statements_covered": 100.0, "percent_statements_covered_display": "100"}, "missing_lines": [], "excluded_lines": []}, "BatchStatusResponse": {"executed_lines": [], "summary": {"covered_lines": 0, "num_statements": 0, "percent_covered": 100.0, "percent_covered_display": "100", "missing_lines": 0, "excluded_lines": 0, "percent_statements_covered": 100.0, "percent_statements_covered_display": "100"}, "missing_lines": [], "excluded_lines": []}, "DeleteDocumentResponse": {"executed_lines": [], "summary": {"covered_lines": 0, "num_statements": 0, "percent_covered": 100.0, "percent_covered_display": "100", "missing_lines": 0, "excluded_lines": 0, "percent_statements_covered": 100.0, "percent_statements_covered_display": "100"}, "missing_lines": [], "excluded_lines": []}, "HealthResponse": {"executed_lines": [], "summary": {"covered_lines": 0, "num_statements": 0, "percent_covered": 100.0, "percent_covered_display": "100", "missing_lines": 0, "excluded_lines": 0, "percent_statements_covered": 100.0, "percent_statements_covered_display": "100"}, "missing_lines": [], "excluded_lines": []}, "CostEstimateResponse": {"executed_lines": [], "summary": {"covered_lines": 0, "num_statements": 0, "percent_covered": 100.0, "percent_covered_display": "100", "missing_lines": 0, "excluded_lines": 0, "percent_statements_covered": 100.0, "percent_statements_covered_display": "100"}, "missing_lines": [], "excluded_lines": []}, "BatchProcessResponse": {"executed_lines": [], "summary": {"covered_lines": 0, "num_statements": 0, "percent_covered": 100.0, "percent_covered_display": "100", "missing_lines": 0, "excluded_lines": 0, "percent_statements_covered": 100.0, "percent_statements_covered_display": "100"}, "missing_lines": [], "excluded_lines": []}, "ErrorResponse": {"executed_lines": [], "summary": {"covered_lines": 0, "num_statements": 0, "percent_covered": 100.0, "percent_covered_display": "100", "missing_lines": 0, "excluded_lines": 0, "percent_statements_covered": 100.0, "percent_statements_covered_display": "100"}, "missing_lines": [], "excluded_lines": []}, "WebhookPayload": {"executed_lines": [], "summary": {"covered_lines": 0, "num_statements": 0, "percent_covered": 100.0, "percent_covered_display": "100", "missing_lines": 0, "excluded_lines": 0, "percent_statements_covered": 100.0, "percent_statements_covered_display": "100"}, "missing_lines": [], "excluded_lines": []}, "ExtractedDocument": {"executed_lines": [], "summary": {"covered_lines": 0, "num_statements": 0, "percent_covered": 100.0, "percent_covered_display": "100", "missing_lines": 0, "excluded_lines": 0, "percent_statements_covered": 100.0, "percent_statements_covered_display": "100"}, "missing_lines": [], "excluded_lines": []}, "": {"executed_lines": [1, 6, 7, 8, 10, 13, 14, 16, 17, 18, 19, 20, 28, 29, 31, 36, 42, 47, 53, 55, 56, 57, 64, 65, 67, 72, 76, 82, 85, 86, 88, 93, 99, 102, 103, 105, 111, 116, 121, 126, 129, 130, 132, 137, 144, 150, 152, 153, 154, 160, 161, 163, 168, 174, 179, 185, 193, 194, 196, 197, 198, 199, 200, 202, 205, 206, 208, 209, 210, 211, 212, 213, 214, 216, 219, 220, 222, 223, 224, 225, 226, 227, 229, 232, 233, 235, 236, 237, 238, 239, 240, 242, 245, 246, 248, 249, 250, 251, 253, 256, 257, 259, 260, 261, 262, 263, 269, 272, 273, 275, 276, 277, 278, 279, 280, 282, 285, 286, 288, 289, 290, 291, 292, 293, 295, 298, 299, 301, 302, 303, 311, 312, 314, 318, 319, 320, 321, 322, 323, 324, 326, 334, 335, 337, 338, 339, 340, 341, 342, 343, 344, 345, 346, 347, 348, 349, 350, 351, 352, 354], "summary": {"covered_lines": 141, "num_statements": 141, "percent_covered": 100.0, "percent_covered_display": "100", "missing_lines": 0, "excluded_lines": 0, "percent_statements_covered": 100.0, "percent_statements_covered_display": "100"}, "missing_lines": [], "excluded_lines": []}}}, "src\\functions\\services\\__init__.py": {"executed_lines": [1, 7, 8, 9, 10, 16, 25, 32, 33, 40, 41, 42, 43, 44, 62, 63, 64, 65, 68, 75, 76, 78, 79, 86, 89, 96, 97, 99, 100, 105, 108, 115, 116, 118, 119, 120, 124, 127, 137, 138, 139, 142, 148, 149, 150, 151, 154], "summary": {"covered_lines": 46, "num_statements": 46, "percent_covered": 100.0, "percent_covered_display": "100", "missing_lines": 0, "excluded_lines": 0, "percent_statements_covered": 100.0, "percent_statements_covered_display": "100"}, "missing_lines": [], "excluded_lines": [], "functions": {"get_document_service": {"executed_lines": [75, 76, 78, 79, 86], "summary": {"covered_lines": 5, "num_statements": 5, "percent_covered": 100.0, "percent_covered_display": "100", "missing_lines": 0, "excluded_lines": 0, "percent_statements_covered": 100.0, "percent_statements_covered_display": "100"}, "missing_lines": [], "excluded_lines": []}, "get_cosmos_service": {"executed_lines": [96, 97, 99, 100, 105], "summary": {"covered_lines": 5, "num_statements": 5, "percent_covered": 100.0, "percent_covered_display": "100", "missing_lines": 0, "excluded_lines": 0, "percent_statements_covered": 100.0, "percent_statements_covered_display": "100"}, "missing_lines": [], "excluded_lines": []}, "get_blob_service": {"executed_lines": [115, 116, 118, 119, 120, 124], "summary": {"covered_lines": 6, "num_statements": 6, "percent_covered": 100.0, "percent_covered_display": "100", "missing_lines": 0, "excluded_lines": 0, "percent_statements_covered": 100.0, "percent_statements_covered_display": "100"}, "missing_lines": [], "excluded_lines": []}, "get_pdf_service": {"executed_lines": [137, 138, 139], "summary": {"covered_lines": 3, "num_statements": 3, "percent_covered": 100.0, "percent_covered_display": "100", "missing_lines": 0, "excluded_lines": 0, "percent_statements_covered": 100.0, "percent_statements_covered_display": "100"}, "missing_lines": [], "excluded_lines": []}, "reset_services": {"executed_lines": [148, 149, 150, 151], "summary": {"covered_lines": 4, "num_statements": 4, "percent_covered": 100.0, "percent_covered_display": "100", "missing_lines": 0, "excluded_lines": 0, "percent_statements_covered": 100.0, "percent_statements_covered_display": "100"}, "missing_lines": [], "excluded_lines": []}, "": {"executed_lines": [1, 7, 8, 9, 10, 16, 25, 32, 33, 40, 41, 42, 43, 44, 62, 63, 64, 65, 68, 89, 108, 127, 142, 154], "summary": {"covered_lines": 23, "num_statements": 23, "percent_covered": 100.0, "percent_covered_display": "100", "missing_lines": 0, "excluded_lines": 0, "percent_statements_covered": 100.0, "percent_statements_covered_display": "100"}, "missing_lines": [], "excluded_lines": []}}, "classes": {"": {"executed_lines": [1, 7, 8, 9, 10, 16, 25, 32, 33, 40, 41, 42, 43, 44, 62, 63, 64, 65, 68, 75, 76, 78, 79, 86, 89, 96, 97, 99, 100, 105, 108, 115, 116, 118, 119, 120, 124, 127, 137, 138, 139, 142, 148, 149, 150, 151, 154], "summary": {"covered_lines": 46, "num_statements": 46, "percent_covered": 100.0, "percent_covered_display": "100", "missing_lines": 0, "excluded_lines": 0, "percent_statements_covered": 100.0, "percent_statements_covered_display": "100"}, "missing_lines": [], "excluded_lines": []}}}, "src\\functions\\services\\api_versioning.py": {"executed_lines": [1, 6, 7, 8, 9, 10, 11, 13, 15, 18, 19, 20, 23, 24, 26, 30, 31, 32, 34, 35, 36, 37, 38, 39, 40, 44, 62, 71, 74, 83, 86, 95, 98, 107, 109, 110, 111, 112, 113, 119, 120, 122, 125, 138, 143, 144, 146, 154, 169, 171, 172, 174, 182, 199, 201, 206, 207, 209, 210, 212, 220, 229, 230, 231, 232, 235, 285, 291, 310, 318, 319, 320, 321, 322], "summary": {"covered_lines": 71, "num_statements": 84, "percent_covered": 84.52380952380952, "percent_covered_display": "85", "missing_lines": 13, "excluded_lines": 0, "percent_statements_covered": 84.52380952380952, "percent_statements_covered_display": "85"}, "missing_lines": [251, 252, 253, 254, 257, 258, 265, 266, 273, 274, 278, 280, 282], "excluded_lines": [], "functions": {"get_version_info": {"executed_lines": [71], "summary": {"covered_lines": 1, "num_statements": 1, "percent_covered": 100.0, "percent_covered_display": "100", "missing_lines": 0, "excluded_lines": 0, "percent_statements_covered": 100.0, "percent_statements_covered_display": "100"}, "missing_lines": [], "excluded_lines": []}, "is_version_supported": {"executed_lines": [83], "summary": {"covered_lines": 1, "num_statements": 1, "percent_covered": 100.0, "percent_covered_display": "100", "missing_lines": 0, "excluded_lines": 0, "percent_statements_covered": 100.0, "percent_statements_covered_display": "100"}, "missing_lines": [], "excluded_lines": []}, "is_version_deprecated": {"executed_lines": [95], "summary": {"covered_lines": 1, "num_statements": 1, "percent_covered": 100.0, "percent_covered_display": "100", "missing_lines": 0, "excluded_lines": 0, "percent_statements_covered": 100.0, "percent_statements_covered_display": "100"}, "missing_lines": [], "excluded_lines": []}, "get_deprecation_headers": {"executed_lines": [107, 109, 110, 111, 112, 113, 119, 120, 122], "summary": {"covered_lines": 9, "num_statements": 9, "percent_covered": 100.0, "percent_covered_display": "100", "missing_lines": 0, "excluded_lines": 0, "percent_statements_covered": 100.0, "percent_statements_covered_display": "100"}, "missing_lines": [], "excluded_lines": []}, "add_version_headers": {"executed_lines": [138, 143, 144, 146], "summary": {"covered_lines": 4, "num_statements": 4, "percent_covered": 100.0, "percent_covered_display": "100", "missing_lines": 0, "excluded_lines": 0, "percent_statements_covered": 100.0, "percent_statements_covered_display": "100"}, "missing_lines": [], "excluded_lines": []}, "versioned_response": {"executed_lines": [169, 171, 172, 174], "summary": {"covered_lines": 4, "num_statements": 4, "percent_covered": 100.0, "percent_covered_display": "100", "missing_lines": 0, "excluded_lines": 0, "percent_statements_covered": 100.0, "percent_statements_covered_display": "100"}, "missing_lines": [], "excluded_lines": []}, "versioned_error_response": {"executed_lines": [199, 201, 206, 207, 209, 210, 212], "summary": {"covered_lines": 7, "num_statements": 7, "percent_covered": 100.0, "percent_covered_display": "100", "missing_lines": 0, "excluded_lines": 0, "percent_statements_covered": 100.0, "percent_statements_covered_display": "100"}, "missing_lines": [], "excluded_lines": []}, "extract_version_from_route": {"executed_lines": [229, 230, 231, 232], "summary": {"covered_lines": 4, "num_statements": 4, "percent_covered": 100.0, "percent_covered_display": "100", "missing_lines": 0, "excluded_lines": 0, "percent_statements_covered": 100.0, "percent_statements_covered_display": "100"}, "missing_lines": [], "excluded_lines": []}, "version_gate": {"executed_lines": [], "summary": {"covered_lines": 0, "num_statements": 3, "percent_covered": 0.0, "percent_covered_display": "0", "missing_lines": 3, "excluded_lines": 0, "percent_statements_covered": 0.0, "percent_statements_covered_display": "0"}, "missing_lines": [251, 252, 282], "excluded_lines": []}, "version_gate.decorator": {"executed_lines": [], "summary": {"covered_lines": 0, "num_statements": 2, "percent_covered": 0.0, "percent_covered_display": "0", "missing_lines": 2, "excluded_lines": 0, "percent_statements_covered": 0.0, "percent_statements_covered_display": "0"}, "missing_lines": [253, 280], "excluded_lines": []}, "version_gate.decorator.wrapper": {"executed_lines": [], "summary": {"covered_lines": 0, "num_statements": 8, "percent_covered": 0.0, "percent_covered_display": "0", "missing_lines": 8, "excluded_lines": 0, "percent_statements_covered": 0.0, "percent_statements_covered_display": "0"}, "missing_lines": [254, 257, 258, 265, 266, 273, 274, 278], "excluded_lines": []}, "get_api_versions_info": {"executed_lines": [291], "summary": {"covered_lines": 1, "num_statements": 1, "percent_covered": 100.0, "percent_covered_display": "100", "missing_lines": 0, "excluded_lines": 0, "percent_statements_covered": 100.0, "percent_statements_covered_display": "100"}, "missing_lines": [], "excluded_lines": []}, "deprecate_version": {"executed_lines": [318, 319, 320, 321, 322], "summary": {"covered_lines": 5, "num_statements": 5, "percent_covered": 100.0, "percent_covered_display": "100", "missing_lines": 0, "excluded_lines": 0, "percent_statements_covered": 100.0, "percent_statements_covered_display": "100"}, "missing_lines": [], "excluded_lines": []}, "": {"executed_lines": [1, 6, 7, 8, 9, 10, 11, 13, 15, 18, 19, 20, 23, 24, 26, 30, 31, 32, 34, 35, 36, 37, 38, 39, 40, 44, 62, 74, 86, 98, 125, 154, 182, 220, 235, 285, 310], "summary": {"covered_lines": 34, "num_statements": 34, "percent_covered": 100.0, "percent_covered_display": "100", "missing_lines": 0, "excluded_lines": 0, "percent_statements_covered": 100.0, "percent_statements_covered_display": "100"}, "missing_lines": [], "excluded_lines": []}}, "classes": {"APIVersion": {"executed_lines": [], "summary": {"covered_lines": 0, "num_statements": 0, "percent_covered": 100.0, "percent_covered_display": "100", "missing_lines": 0, "excluded_lines": 0, "percent_statements_covered": 100.0, "percent_statements_covered_display": "100"}, "missing_lines": [], "excluded_lines": []}, "VersionInfo": {"executed_lines": [], "summary": {"covered_lines": 0, "num_statements": 0, "percent_covered": 100.0, "percent_covered_display": "100", "missing_lines": 0, "excluded_lines": 0, "percent_statements_covered": 100.0, "percent_statements_covered_display": "100"}, "missing_lines": [], "excluded_lines": []}, "": {"executed_lines": [1, 6, 7, 8, 9, 10, 11, 13, 15, 18, 19, 20, 23, 24, 26, 30, 31, 32, 34, 35, 36, 37, 38, 39, 40, 44, 62, 71, 74, 83, 86, 95, 98, 107, 109, 110, 111, 112, 113, 119, 120, 122, 125, 138, 143, 144, 146, 154, 169, 171, 172, 174, 182, 199, 201, 206, 207, 209, 210, 212, 220, 229, 230, 231, 232, 235, 285, 291, 310, 318, 319, 320, 321, 322], "summary": {"covered_lines": 71, "num_statements": 84, "percent_covered": 84.52380952380952, "percent_covered_display": "85", "missing_lines": 13, "excluded_lines": 0, "percent_statements_covered": 84.52380952380952, "percent_statements_covered_display": "85"}, "missing_lines": [251, 252, 253, 254, 257, 258, 265, 266, 273, 274, 278, 280, 282], "excluded_lines": []}}}, "src\\functions\\services\\blob_service.py": {"executed_lines": [1, 6, 7, 8, 10, 12, 15, 16, 18, 19, 20, 23, 24, 26, 33, 34, 35, 37, 38, 40, 41, 42, 44, 62, 64, 68, 69, 72, 76, 77, 78, 80, 82, 84, 90, 93, 103, 104, 106, 108, 109, 110, 111, 112, 114, 125, 129, 130, 131, 136, 138, 150, 152, 155, 156, 159, 161, 163, 165, 166, 168, 169, 171, 173, 175, 176, 177, 179, 200, 201, 203, 204, 206, 208, 209, 211, 213, 214, 215, 217, 227, 228, 230, 231, 233, 234, 236, 237, 238, 240, 252, 253, 254, 256, 257, 260, 262, 263, 264, 265, 267, 284, 285, 286, 287, 289, 290, 291, 293, 314, 315, 318, 319, 322, 323, 324, 325, 326, 329, 330, 333, 335, 338, 340, 341, 342, 344, 354, 355, 356, 357, 358, 359], "summary": {"covered_lines": 130, "num_statements": 133, "percent_covered": 97.74436090225564, "percent_covered_display": "98", "missing_lines": 3, "excluded_lines": 0, "percent_statements_covered": 97.74436090225564, "percent_statements_covered_display": "98"}, "missing_lines": [70, 157, 174], "excluded_lines": [], "functions": {"BlobServiceError.__init__": {"executed_lines": [19, 20], "summary": {"covered_lines": 2, "num_statements": 2, "percent_covered": 100.0, "percent_covered_display": "100", "missing_lines": 0, "excluded_lines": 0, "percent_statements_covered": 100.0, "percent_statements_covered_display": "100"}, "missing_lines": [], "excluded_lines": []}, "BlobService.__init__": {"executed_lines": [33, 34, 35], "summary": {"covered_lines": 3, "num_statements": 3, "percent_covered": 100.0, "percent_covered_display": "100", "missing_lines": 0, "excluded_lines": 0, "percent_statements_covered": 100.0, "percent_statements_covered_display": "100"}, "missing_lines": [], "excluded_lines": []}, "BlobService.client": {"executed_lines": [40, 41, 42], "summary": {"covered_lines": 3, "num_statements": 3, "percent_covered": 100.0, "percent_covered_display": "100", "missing_lines": 0, "excluded_lines": 0, "percent_statements_covered": 100.0, "percent_statements_covered_display": "100"}, "missing_lines": [], "excluded_lines": []}, "BlobService.generate_sas_url": {"executed_lines": [62, 64, 68, 69, 72, 76, 77, 78, 80, 82, 84, 90, 93, 103, 104, 106, 108, 109, 110, 111, 112], "summary": {"covered_lines": 21, "num_statements": 22, "percent_covered": 95.45454545454545, "percent_covered_display": "95", "missing_lines": 1, "excluded_lines": 0, "percent_statements_covered": 95.45454545454545, "percent_statements_covered_display": "95"}, "missing_lines": [70], "excluded_lines": []}, "BlobService._extract_account_key": {"executed_lines": [125, 129, 130, 131, 136], "summary": {"covered_lines": 5, "num_statements": 5, "percent_covered": 100.0, "percent_covered_display": "100", "missing_lines": 0, "excluded_lines": 0, "percent_statements_covered": 100.0, "percent_statements_covered_display": "100"}, "missing_lines": [], "excluded_lines": []}, "BlobService.download_blob": {"executed_lines": [150, 152, 155, 156, 159, 161, 163, 165, 166, 168, 169, 171, 173, 175, 176, 177], "summary": {"covered_lines": 16, "num_statements": 18, "percent_covered": 88.88888888888889, "percent_covered_display": "89", "missing_lines": 2, "excluded_lines": 0, "percent_statements_covered": 88.88888888888889, "percent_statements_covered_display": "89"}, "missing_lines": [157, 174], "excluded_lines": []}, "BlobService.upload_blob": {"executed_lines": [200, 201, 203, 204, 206, 208, 209, 211, 213, 214, 215], "summary": {"covered_lines": 11, "num_statements": 11, "percent_covered": 100.0, "percent_covered_display": "100", "missing_lines": 0, "excluded_lines": 0, "percent_statements_covered": 100.0, "percent_statements_covered_display": "100"}, "missing_lines": [], "excluded_lines": []}, "BlobService.delete_blob": {"executed_lines": [227, 228, 230, 231, 233, 234, 236, 237, 238], "summary": {"covered_lines": 9, "num_statements": 9, "percent_covered": 100.0, "percent_covered_display": "100", "missing_lines": 0, "excluded_lines": 0, "percent_statements_covered": 100.0, "percent_statements_covered_display": "100"}, "missing_lines": [], "excluded_lines": []}, "BlobService.parse_blob_url": {"executed_lines": [252, 253, 254, 256, 257, 260, 262, 263, 264, 265], "summary": {"covered_lines": 10, "num_statements": 10, "percent_covered": 100.0, "percent_covered_display": "100", "missing_lines": 0, "excluded_lines": 0, "percent_statements_covered": 100.0, "percent_statements_covered_display": "100"}, "missing_lines": [], "excluded_lines": []}, "BlobService.list_blobs": {"executed_lines": [284, 285, 286, 287, 289, 290, 291], "summary": {"covered_lines": 7, "num_statements": 7, "percent_covered": 100.0, "percent_covered_display": "100", "missing_lines": 0, "excluded_lines": 0, "percent_statements_covered": 100.0, "percent_statements_covered_display": "100"}, "missing_lines": [], "excluded_lines": []}, "BlobService.move_blob": {"executed_lines": [314, 315, 318, 319, 322, 323, 324, 325, 326, 329, 330, 333, 335, 338, 340, 341, 342], "summary": {"covered_lines": 17, "num_statements": 17, "percent_covered": 100.0, "percent_covered_display": "100", "missing_lines": 0, "excluded_lines": 0, "percent_statements_covered": 100.0, "percent_statements_covered_display": "100"}, "missing_lines": [], "excluded_lines": []}, "BlobService.blob_exists": {"executed_lines": [354, 355, 356, 357, 358, 359], "summary": {"covered_lines": 6, "num_statements": 6, "percent_covered": 100.0, "percent_covered_display": "100", "missing_lines": 0, "excluded_lines": 0, "percent_statements_covered": 100.0, "percent_statements_covered_display": "100"}, "missing_lines": [], "excluded_lines": []}, "": {"executed_lines": [1, 6, 7, 8, 10, 12, 15, 16, 18, 23, 24, 26, 37, 38, 44, 114, 138, 179, 217, 240, 267, 293, 344], "summary": {"covered_lines": 20, "num_statements": 20, "percent_covered": 100.0, "percent_covered_display": "100", "missing_lines": 0, "excluded_lines": 0, "percent_statements_covered": 100.0, "percent_statements_covered_display": "100"}, "missing_lines": [], "excluded_lines": []}}, "classes": {"BlobServiceError": {"executed_lines": [19, 20], "summary": {"covered_lines": 2, "num_statements": 2, "percent_covered": 100.0, "percent_covered_display": "100", "missing_lines": 0, "excluded_lines": 0, "percent_statements_covered": 100.0, "percent_statements_covered_display": "100"}, "missing_lines": [], "excluded_lines": []}, "BlobService": {"executed_lines": [33, 34, 35, 40, 41, 42, 62, 64, 68, 69, 72, 76, 77, 78, 80, 82, 84, 90, 93, 103, 104, 106, 108, 109, 110, 111, 112, 125, 129, 130, 131, 136, 150, 152, 155, 156, 159, 161, 163, 165, 166, 168, 169, 171, 173, 175, 176, 177, 200, 201, 203, 204, 206, 208, 209, 211, 213, 214, 215, 227, 228, 230, 231, 233, 234, 236, 237, 238, 252, 253, 254, 256, 257, 260, 262, 263, 264, 265, 284, 285, 286, 287, 289, 290, 291, 314, 315, 318, 319, 322, 323, 324, 325, 326, 329, 330, 333, 335, 338, 340, 341, 342, 354, 355, 356, 357, 358, 359], "summary": {"covered_lines": 108, "num_statements": 111, "percent_covered": 97.29729729729729, "percent_covered_display": "97", "missing_lines": 3, "excluded_lines": 0, "percent_statements_covered": 97.29729729729729, "percent_statements_covered_display": "97"}, "missing_lines": [70, 157, 174], "excluded_lines": []}, "": {"executed_lines": [1, 6, 7, 8, 10, 12, 15, 16, 18, 23, 24, 26, 37, 38, 44, 114, 138, 179, 217, 240, 267, 293, 344], "summary": {"covered_lines": 20, "num_statements": 20, "percent_covered": 100.0, "percent_covered_display": "100", "missing_lines": 0, "excluded_lines": 0, "percent_statements_covered": 100.0, "percent_statements_covered_display": "100"}, "missing_lines": [], "excluded_lines": []}}}, "src\\functions\\services\\cache_service.py": {"executed_lines": [1, 7, 8, 9, 10, 12, 15, 16, 19, 20, 22, 23, 24, 25, 28, 29, 31, 38, 39, 40, 41, 43, 44, 46, 47, 48, 51, 52, 58, 71, 72, 73, 74, 76, 92, 98, 99, 101, 110, 112, 128, 130, 132, 138, 144, 149, 150, 151, 152, 154, 157, 158, 159, 160, 163, 164, 165, 167, 168, 170, 177, 178, 179, 180, 182, 207, 208, 210, 226, 227, 229, 230, 231, 232, 233, 235, 236, 237, 239, 255, 257, 258, 262, 263, 264, 265, 271, 282, 283, 288, 290, 295, 296, 297, 298, 302, 306, 307, 308, 314, 338, 341, 343, 344, 345, 348, 349, 352, 353, 354, 365, 367, 376, 377, 380, 381, 382, 386, 392, 393, 395, 404, 406, 410, 413, 424, 425, 426], "summary": {"covered_lines": 124, "num_statements": 137, "percent_covered": 90.51094890510949, "percent_covered_display": "91", "missing_lines": 13, "excluded_lines": 0, "percent_statements_covered": 90.51094890510949, "percent_statements_covered_display": "91"}, "missing_lines": [267, 268, 269, 303, 304, 310, 311, 312, 362, 363, 378, 383, 384], "excluded_lines": [], "functions": {"CacheError.__init__": {"executed_lines": [23, 24, 25], "summary": {"covered_lines": 3, "num_statements": 3, "percent_covered": 100.0, "percent_covered_display": "100", "missing_lines": 0, "excluded_lines": 0, "percent_statements_covered": 100.0, "percent_statements_covered_display": "100"}, "missing_lines": [], "excluded_lines": []}, "CacheResult.__init__": {"executed_lines": [38, 39, 40, 41], "summary": {"covered_lines": 4, "num_statements": 4, "percent_covered": 100.0, "percent_covered_display": "100", "missing_lines": 0, "excluded_lines": 0, "percent_statements_covered": 100.0, "percent_statements_covered_display": "100"}, "missing_lines": [], "excluded_lines": []}, "CacheResult.is_fresh": {"executed_lines": [46, 47, 48], "summary": {"covered_lines": 3, "num_statements": 3, "percent_covered": 100.0, "percent_covered_display": "100", "missing_lines": 0, "excluded_lines": 0, "percent_statements_covered": 100.0, "percent_statements_covered_display": "100"}, "missing_lines": [], "excluded_lines": []}, "CacheService.__init__": {"executed_lines": [71, 72, 73, 74], "summary": {"covered_lines": 4, "num_statements": 4, "percent_covered": 100.0, "percent_covered_display": "100", "missing_lines": 0, "excluded_lines": 0, "percent_statements_covered": 100.0, "percent_statements_covered_display": "100"}, "missing_lines": [], "excluded_lines": []}, "CacheService.generate_cache_key": {"executed_lines": [92, 98, 99], "summary": {"covered_lines": 3, "num_statements": 3, "percent_covered": 100.0, "percent_covered_display": "100", "missing_lines": 0, "excluded_lines": 0, "percent_statements_covered": 100.0, "percent_statements_covered_display": "100"}, "missing_lines": [], "excluded_lines": []}, "CacheService.generate_content_hash": {"executed_lines": [110], "summary": {"covered_lines": 1, "num_statements": 1, "percent_covered": 100.0, "percent_covered_display": "100", "missing_lines": 0, "excluded_lines": 0, "percent_statements_covered": 100.0, "percent_statements_covered_display": "100"}, "missing_lines": [], "excluded_lines": []}, "CacheService.get": {"executed_lines": [128, 130, 132, 138, 144, 149, 150, 151, 152, 154, 157, 158, 159, 160, 163, 164, 165, 167, 168, 170, 177, 178, 179, 180], "summary": {"covered_lines": 24, "num_statements": 24, "percent_covered": 100.0, "percent_covered_display": "100", "missing_lines": 0, "excluded_lines": 0, "percent_statements_covered": 100.0, "percent_statements_covered_display": "100"}, "missing_lines": [], "excluded_lines": []}, "CacheService.set": {"executed_lines": [207, 208, 210, 226, 227, 229, 230, 231, 232, 233, 235, 236, 237], "summary": {"covered_lines": 13, "num_statements": 13, "percent_covered": 100.0, "percent_covered_display": "100", "missing_lines": 0, "excluded_lines": 0, "percent_statements_covered": 100.0, "percent_statements_covered_display": "100"}, "missing_lines": [], "excluded_lines": []}, "CacheService.invalidate": {"executed_lines": [255, 257, 258, 262, 263, 264, 265], "summary": {"covered_lines": 7, "num_statements": 10, "percent_covered": 70.0, "percent_covered_display": "70", "missing_lines": 3, "excluded_lines": 0, "percent_statements_covered": 70.0, "percent_statements_covered_display": "70"}, "missing_lines": [267, 268, 269], "excluded_lines": []}, "CacheService.invalidate_by_model": {"executed_lines": [282, 283, 288, 290, 295, 296, 297, 298, 302, 306, 307, 308], "summary": {"covered_lines": 12, "num_statements": 17, "percent_covered": 70.58823529411765, "percent_covered_display": "71", "missing_lines": 5, "excluded_lines": 0, "percent_statements_covered": 70.58823529411765, "percent_statements_covered_display": "71"}, "missing_lines": [303, 304, 310, 311, 312], "excluded_lines": []}, "CacheService.get_or_process": {"executed_lines": [338, 341, 343, 344, 345, 348, 349, 352, 353, 354, 365], "summary": {"covered_lines": 11, "num_statements": 13, "percent_covered": 84.61538461538461, "percent_covered_display": "85", "missing_lines": 2, "excluded_lines": 0, "percent_statements_covered": 84.61538461538461, "percent_statements_covered_display": "85"}, "missing_lines": [362, 363], "excluded_lines": []}, "CacheService._is_expired": {"executed_lines": [376, 377, 380, 381, 382], "summary": {"covered_lines": 5, "num_statements": 8, "percent_covered": 62.5, "percent_covered_display": "62", "missing_lines": 3, "excluded_lines": 0, "percent_statements_covered": 62.5, "percent_statements_covered_display": "62"}, "missing_lines": [378, 383, 384], "excluded_lines": []}, "CacheService.get_stats": {"executed_lines": [392, 393, 395], "summary": {"covered_lines": 3, "num_statements": 3, "percent_covered": 100.0, "percent_covered_display": "100", "missing_lines": 0, "excluded_lines": 0, "percent_statements_covered": 100.0, "percent_statements_covered_display": "100"}, "missing_lines": [], "excluded_lines": []}, "CacheService.reset_stats": {"executed_lines": [406], "summary": {"covered_lines": 1, "num_statements": 1, "percent_covered": 100.0, "percent_covered_display": "100", "missing_lines": 0, "excluded_lines": 0, "percent_statements_covered": 100.0, "percent_statements_covered_display": "100"}, "missing_lines": [], "excluded_lines": []}, "get_cache_service": {"executed_lines": [424, 425, 426], "summary": {"covered_lines": 3, "num_statements": 3, "percent_covered": 100.0, "percent_covered_display": "100", "missing_lines": 0, "excluded_lines": 0, "percent_statements_covered": 100.0, "percent_statements_covered_display": "100"}, "missing_lines": [], "excluded_lines": []}, "": {"executed_lines": [1, 7, 8, 9, 10, 12, 15, 16, 19, 20, 22, 28, 29, 31, 43, 44, 51, 52, 58, 76, 101, 112, 182, 239, 271, 314, 367, 386, 404, 410, 413], "summary": {"covered_lines": 27, "num_statements": 27, "percent_covered": 100.0, "percent_covered_display": "100", "missing_lines": 0, "excluded_lines": 0, "percent_statements_covered": 100.0, "percent_statements_covered_display": "100"}, "missing_lines": [], "excluded_lines": []}}, "classes": {"CacheError": {"executed_lines": [23, 24, 25], "summary": {"covered_lines": 3, "num_statements": 3, "percent_covered": 100.0, "percent_covered_display": "100", "missing_lines": 0, "excluded_lines": 0, "percent_statements_covered": 100.0, "percent_statements_covered_display": "100"}, "missing_lines": [], "excluded_lines": []}, "CacheResult": {"executed_lines": [38, 39, 40, 41, 46, 47, 48], "summary": {"covered_lines": 7, "num_statements": 7, "percent_covered": 100.0, "percent_covered_display": "100", "missing_lines": 0, "excluded_lines": 0, "percent_statements_covered": 100.0, "percent_statements_covered_display": "100"}, "missing_lines": [], "excluded_lines": []}, "CacheService": {"executed_lines": [71, 72, 73, 74, 92, 98, 99, 110, 128, 130, 132, 138, 144, 149, 150, 151, 152, 154, 157, 158, 159, 160, 163, 164, 165, 167, 168, 170, 177, 178, 179, 180, 207, 208, 210, 226, 227, 229, 230, 231, 232, 233, 235, 236, 237, 255, 257, 258, 262, 263, 264, 265, 282, 283, 288, 290, 295, 296, 297, 298, 302, 306, 307, 308, 338, 341, 343, 344, 345, 348, 349, 352, 353, 354, 365, 376, 377, 380, 381, 382, 392, 393, 395, 406], "summary": {"covered_lines": 84, "num_statements": 97, "percent_covered": 86.5979381443299, "percent_covered_display": "87", "missing_lines": 13, "excluded_lines": 0, "percent_statements_covered": 86.5979381443299, "percent_statements_covered_display": "87"}, "missing_lines": [267, 268, 269, 303, 304, 310, 311, 312, 362, 363, 378, 383, 384], "excluded_lines": []}, "": {"executed_lines": [1, 7, 8, 9, 10, 12, 15, 16, 19, 20, 22, 28, 29, 31, 43, 44, 51, 52, 58, 76, 101, 112, 182, 239, 271, 314, 367, 386, 404, 410, 413, 424, 425, 426], "summary": {"covered_lines": 30, "num_statements": 30, "percent_covered": 100.0, "percent_covered_display": "100", "missing_lines": 0, "excluded_lines": 0, "percent_statements_covered": 100.0, "percent_statements_covered_display": "100"}, "missing_lines": [], "excluded_lines": []}}}, "src\\functions\\services\\cosmos_service.py": {"executed_lines": [1, 6, 7, 9, 10, 11, 13, 16, 17, 19, 20, 21, 22, 25, 26, 28, 41, 42, 43, 45, 47, 64, 65, 66, 67, 70, 71, 73, 74, 78, 79, 82, 84, 85, 87, 90, 91, 92, 94, 113, 114, 118, 119, 121, 125, 127, 133, 134, 135, 137, 158, 159, 163, 164, 166, 167, 170, 175, 177, 179, 182, 183, 184, 186, 196, 198, 199, 200, 201, 203, 217, 218, 220, 226, 243, 244, 248, 249, 251, 255, 256, 258, 259, 260, 261, 264, 265, 266, 268, 284, 286, 287, 288, 289, 291, 292, 294, 311, 312, 313, 315, 316, 317, 319, 320, 322], "summary": {"covered_lines": 103, "num_statements": 121, "percent_covered": 85.12396694214875, "percent_covered_display": "85", "missing_lines": 18, "excluded_lines": 0, "percent_statements_covered": 85.12396694214875, "percent_statements_covered_display": "85"}, "missing_lines": [88, 89, 128, 129, 130, 131, 132, 180, 181, 262, 263, 342, 343, 348, 349, 353, 355, 357], "excluded_lines": [], "functions": {"CosmosError.__init__": {"executed_lines": [20, 21, 22], "summary": {"covered_lines": 3, "num_statements": 3, "percent_covered": 100.0, "percent_covered_display": "100", "missing_lines": 0, "excluded_lines": 0, "percent_statements_covered": 100.0, "percent_statements_covered_display": "100"}, "missing_lines": [], "excluded_lines": []}, "CosmosService.__init__": {"executed_lines": [41, 42, 43, 45], "summary": {"covered_lines": 4, "num_statements": 4, "percent_covered": 100.0, "percent_covered_display": "100", "missing_lines": 0, "excluded_lines": 0, "percent_statements_covered": 100.0, "percent_statements_covered_display": "100"}, "missing_lines": [], "excluded_lines": []}, "CosmosService.save_document_result": {"executed_lines": [64, 65, 66, 67, 70, 71, 73, 74, 78, 79, 82, 84, 85, 87, 90, 91, 92], "summary": {"covered_lines": 17, "num_statements": 19, "percent_covered": 89.47368421052632, "percent_covered_display": "89", "missing_lines": 2, "excluded_lines": 0, "percent_statements_covered": 89.47368421052632, "percent_statements_covered_display": "89"}, "missing_lines": [88, 89], "excluded_lines": []}, "CosmosService.get_document": {"executed_lines": [113, 114, 118, 119, 121, 125, 127, 133, 134, 135], "summary": {"covered_lines": 10, "num_statements": 15, "percent_covered": 66.66666666666667, "percent_covered_display": "67", "missing_lines": 5, "excluded_lines": 0, "percent_statements_covered": 66.66666666666667, "percent_statements_covered_display": "67"}, "missing_lines": [128, 129, 130, 131, 132], "excluded_lines": []}, "CosmosService.query_documents": {"executed_lines": [158, 159, 163, 164, 166, 167, 170, 175, 177, 179, 182, 183, 184], "summary": {"covered_lines": 13, "num_statements": 15, "percent_covered": 86.66666666666667, "percent_covered_display": "87", "missing_lines": 2, "excluded_lines": 0, "percent_statements_covered": 86.66666666666667, "percent_statements_covered_display": "87"}, "missing_lines": [180, 181], "excluded_lines": []}, "CosmosService.get_document_status": {"executed_lines": [196, 198, 199, 200, 201], "summary": {"covered_lines": 5, "num_statements": 5, "percent_covered": 100.0, "percent_covered_display": "100", "missing_lines": 0, "excluded_lines": 0, "percent_statements_covered": 100.0, "percent_statements_covered_display": "100"}, "missing_lines": [], "excluded_lines": []}, "CosmosService.query_by_source_file": {"executed_lines": [217, 218, 220], "summary": {"covered_lines": 3, "num_statements": 3, "percent_covered": 100.0, "percent_covered_display": "100", "missing_lines": 0, "excluded_lines": 0, "percent_statements_covered": 100.0, "percent_statements_covered_display": "100"}, "missing_lines": [], "excluded_lines": []}, "CosmosService.delete_document": {"executed_lines": [243, 244, 248, 249, 251, 255, 256, 258, 259, 260, 261, 264, 265, 266], "summary": {"covered_lines": 14, "num_statements": 16, "percent_covered": 87.5, "percent_covered_display": "88", "missing_lines": 2, "excluded_lines": 0, "percent_statements_covered": 87.5, "percent_statements_covered_display": "88"}, "missing_lines": [262, 263], "excluded_lines": []}, "CosmosService.delete_by_source_file": {"executed_lines": [284, 286, 287, 288, 289, 291, 292], "summary": {"covered_lines": 7, "num_statements": 7, "percent_covered": 100.0, "percent_covered_display": "100", "missing_lines": 0, "excluded_lines": 0, "percent_statements_covered": 100.0, "percent_statements_covered_display": "100"}, "missing_lines": [], "excluded_lines": []}, "CosmosService.increment_retry_count": {"executed_lines": [311, 312, 313, 315, 316, 317, 319, 320], "summary": {"covered_lines": 8, "num_statements": 8, "percent_covered": 100.0, "percent_covered_display": "100", "missing_lines": 0, "excluded_lines": 0, "percent_statements_covered": 100.0, "percent_statements_covered_display": "100"}, "missing_lines": [], "excluded_lines": []}, "CosmosService.query_by_tenant": {"executed_lines": [], "summary": {"covered_lines": 0, "num_statements": 7, "percent_covered": 0.0, "percent_covered_display": "0", "missing_lines": 7, "excluded_lines": 0, "percent_statements_covered": 0.0, "percent_statements_covered_display": "0"}, "missing_lines": [342, 343, 348, 349, 353, 355, 357], "excluded_lines": []}, "": {"executed_lines": [1, 6, 7, 9, 10, 11, 13, 16, 17, 19, 25, 26, 28, 47, 94, 137, 186, 203, 226, 268, 294, 322], "summary": {"covered_lines": 19, "num_statements": 19, "percent_covered": 100.0, "percent_covered_display": "100", "missing_lines": 0, "excluded_lines": 0, "percent_statements_covered": 100.0, "percent_statements_covered_display": "100"}, "missing_lines": [], "excluded_lines": []}}, "classes": {"CosmosError": {"executed_lines": [20, 21, 22], "summary": {"covered_lines": 3, "num_statements": 3, "percent_covered": 100.0, "percent_covered_display": "100", "missing_lines": 0, "excluded_lines": 0, "percent_statements_covered": 100.0, "percent_statements_covered_display": "100"}, "missing_lines": [], "excluded_lines": []}, "CosmosService": {"executed_lines": [41, 42, 43, 45, 64, 65, 66, 67, 70, 71, 73, 74, 78, 79, 82, 84, 85, 87, 90, 91, 92, 113, 114, 118, 119, 121, 125, 127, 133, 134, 135, 158, 159, 163, 164, 166, 167, 170, 175, 177, 179, 182, 183, 184, 196, 198, 199, 200, 201, 217, 218, 220, 243, 244, 248, 249, 251, 255, 256, 258, 259, 260, 261, 264, 265, 266, 284, 286, 287, 288, 289, 291, 292, 311, 312, 313, 315, 316, 317, 319, 320], "summary": {"covered_lines": 81, "num_statements": 99, "percent_covered": 81.81818181818181, "percent_covered_display": "82", "missing_lines": 18, "excluded_lines": 0, "percent_statements_covered": 81.81818181818181, "percent_statements_covered_display": "82"}, "missing_lines": [88, 89, 128, 129, 130, 131, 132, 180, 181, 262, 263, 342, 343, 348, 349, 353, 355, 357], "excluded_lines": []}, "": {"executed_lines": [1, 6, 7, 9, 10, 11, 13, 16, 17, 19, 25, 26, 28, 47, 94, 137, 186, 203, 226, 268, 294, 322], "summary": {"covered_lines": 19, "num_statements": 19, "percent_covered": 100.0, "percent_covered_display": "100", "missing_lines": 0, "excluded_lines": 0, "percent_statements_covered": 100.0, "percent_statements_covered_display": "100"}, "missing_lines": [], "excluded_lines": []}}}, "src\\functions\\services\\document_service.py": {"executed_lines": [1, 6, 7, 8, 10, 11, 12, 13, 15, 18, 19, 21, 22, 23, 24, 27, 28, 30, 33, 34, 36, 53, 54, 55, 56, 58, 60, 62, 75, 76, 79, 80, 82, 83, 88, 97, 98, 100, 101, 102, 104, 105, 106, 107, 109, 110, 112, 135, 136, 137, 138, 142, 147, 153, 156, 157, 158, 162, 164, 165, 166, 168, 169, 173, 174, 175, 179, 180, 184, 185, 186, 193, 208, 209, 211, 223, 228, 229, 231, 232, 233, 236, 237, 238, 239, 241, 242, 243, 245, 246, 247, 248, 251, 252, 256, 259, 260, 261, 262, 263, 266, 267, 268, 271, 272, 274, 276, 277, 278, 280, 289, 290, 292, 293, 294, 295, 297, 298, 299, 301, 302, 306, 307, 308, 309, 312, 313, 314, 315, 316, 317, 319, 326, 327, 331, 335, 337, 348, 349, 353, 354, 357, 358, 361, 362, 365, 366, 367, 373, 374, 377, 378, 381, 382, 384], "summary": {"covered_lines": 151, "num_statements": 154, "percent_covered": 98.05194805194805, "percent_covered_display": "98", "missing_lines": 3, "excluded_lines": 0, "percent_statements_covered": 98.05194805194805, "percent_statements_covered_display": "98"}, "missing_lines": [94, 95, 188], "excluded_lines": [], "functions": {"DocumentProcessingError.__init__": {"executed_lines": [22, 23, 24], "summary": {"covered_lines": 3, "num_statements": 3, "percent_covered": 100.0, "percent_covered_display": "100", "missing_lines": 0, "excluded_lines": 0, "percent_statements_covered": 100.0, "percent_statements_covered_display": "100"}, "missing_lines": [], "excluded_lines": []}, "DocumentService.__init__": {"executed_lines": [53, 54, 55, 56, 58, 60], "summary": {"covered_lines": 6, "num_statements": 6, "percent_covered": 100.0, "percent_covered_display": "100", "missing_lines": 0, "excluded_lines": 0, "percent_statements_covered": 100.0, "percent_statements_covered_display": "100"}, "missing_lines": [], "excluded_lines": []}, "DocumentService.validate_model": {"executed_lines": [75, 76, 79, 80, 82, 83, 88, 97, 98, 100, 101, 102, 104, 105, 106, 107, 109, 110], "summary": {"covered_lines": 18, "num_statements": 20, "percent_covered": 90.0, "percent_covered_display": "90", "missing_lines": 2, "excluded_lines": 0, "percent_statements_covered": 90.0, "percent_statements_covered_display": "90"}, "missing_lines": [94, 95], "excluded_lines": []}, "DocumentService.analyze_document": {"executed_lines": [135, 136, 137, 138, 142, 147, 153, 156, 157, 158, 162, 164, 165, 166, 168, 169, 173, 174, 175, 179, 180, 184, 185, 186], "summary": {"covered_lines": 24, "num_statements": 25, "percent_covered": 96.0, "percent_covered_display": "96", "missing_lines": 1, "excluded_lines": 0, "percent_statements_covered": 96.0, "percent_statements_covered_display": "96"}, "missing_lines": [188], "excluded_lines": []}, "DocumentService._extract_result": {"executed_lines": [208, 209, 211, 223, 228, 229, 231, 232, 233, 236, 237, 238, 239, 241, 242, 243, 245, 246, 247, 248, 251, 252, 256, 259, 260, 261, 262, 263, 266, 267, 268, 271, 272, 274, 276, 277, 278, 280, 289, 290, 292, 293, 294, 295, 297, 298, 299, 301, 302, 306, 307, 308, 309, 312, 313, 314, 315, 316, 317, 319, 326, 327, 331, 335], "summary": {"covered_lines": 64, "num_statements": 64, "percent_covered": 100.0, "percent_covered_display": "100", "missing_lines": 0, "excluded_lines": 0, "percent_statements_covered": 100.0, "percent_statements_covered_display": "100"}, "missing_lines": [], "excluded_lines": []}, "DocumentService._extract_field_value": {"executed_lines": [348, 349, 353, 354, 357, 358, 361, 362, 365, 366, 367, 373, 374, 377, 378, 381, 382, 384], "summary": {"covered_lines": 18, "num_statements": 18, "percent_covered": 100.0, "percent_covered_display": "100", "missing_lines": 0, "excluded_lines": 0, "percent_statements_covered": 100.0, "percent_statements_covered_display": "100"}, "missing_lines": [], "excluded_lines": []}, "": {"executed_lines": [1, 6, 7, 8, 10, 11, 12, 13, 15, 18, 19, 21, 27, 28, 30, 33, 34, 36, 62, 112, 193, 337], "summary": {"covered_lines": 18, "num_statements": 18, "percent_covered": 100.0, "percent_covered_display": "100", "missing_lines": 0, "excluded_lines": 0, "percent_statements_covered": 100.0, "percent_statements_covered_display": "100"}, "missing_lines": [], "excluded_lines": []}}, "classes": {"DocumentProcessingError": {"executed_lines": [22, 23, 24], "summary": {"covered_lines": 3, "num_statements": 3, "percent_covered": 100.0, "percent_covered_display": "100", "missing_lines": 0, "excluded_lines": 0, "percent_statements_covered": 100.0, "percent_statements_covered_display": "100"}, "missing_lines": [], "excluded_lines": []}, "RateLimitError": {"executed_lines": [], "summary": {"covered_lines": 0, "num_statements": 0, "percent_covered": 100.0, "percent_covered_display": "100", "missing_lines": 0, "excluded_lines": 0, "percent_statements_covered": 100.0, "percent_statements_covered_display": "100"}, "missing_lines": [], "excluded_lines": []}, "DocumentService": {"executed_lines": [53, 54, 55, 56, 58, 60, 75, 76, 79, 80, 82, 83, 88, 97, 98, 100, 101, 102, 104, 105, 106, 107, 109, 110, 135, 136, 137, 138, 142, 147, 153, 156, 157, 158, 162, 164, 165, 166, 168, 169, 173, 174, 175, 179, 180, 184, 185, 186, 208, 209, 211, 223, 228, 229, 231, 232, 233, 236, 237, 238, 239, 241, 242, 243, 245, 246, 247, 248, 251, 252, 256, 259, 260, 261, 262, 263, 266, 267, 268, 271, 272, 274, 276, 277, 278, 280, 289, 290, 292, 293, 294, 295, 297, 298, 299, 301, 302, 306, 307, 308, 309, 312, 313, 314, 315, 316, 317, 319, 326, 327, 331, 335, 348, 349, 353, 354, 357, 358, 361, 362, 365, 366, 367, 373, 374, 377, 378, 381, 382, 384], "summary": {"covered_lines": 130, "num_statements": 133, "percent_covered": 97.74436090225564, "percent_covered_display": "98", "missing_lines": 3, "excluded_lines": 0, "percent_statements_covered": 97.74436090225564, "percent_statements_covered_display": "98"}, "mi
[...]
s_covered_display": "100"}, "missing_lines": [], "excluded_lines": []}, "ProcessingProfile": {"executed_lines": [90, 91, 94, 95, 96, 99, 100, 101, 106, 107, 108, 109, 110, 112], "summary": {"covered_lines": 14, "num_statements": 14, "percent_covered": 100.0, "percent_covered_display": "100", "missing_lines": 0, "excluded_lines": 0, "percent_statements_covered": 100.0, "percent_statements_covered_display": "100"}, "missing_lines": [], "excluded_lines": []}, "": {"executed_lines": [1, 7, 8, 9, 10, 13, 14, 15, 17, 18, 19, 21, 66, 67, 68, 70, 71, 72, 73, 74, 75, 76, 77, 78, 80, 121, 206, 209, 225, 226, 227, 229, 230, 231, 232, 233, 234, 242, 253, 254, 256, 259, 269, 270, 273, 274, 276, 279, 286, 287, 289, 291, 292, 304, 305, 317, 320, 337, 339, 341], "summary": {"covered_lines": 57, "num_statements": 57, "percent_covered": 100.0, "percent_covered_display": "100", "missing_lines": 0, "excluded_lines": 0, "percent_statements_covered": 100.0, "percent_statements_covered_display": "100"}, "missing_lines": [], "excluded_lines": []}}}, "src\\functions\\services\\rate_limiter.py": {"executed_lines": [1, 6, 7, 8, 9, 10, 13, 14, 15, 17, 18, 19, 22, 23, 24, 26, 27, 28, 29, 31, 33, 34, 35, 37, 46, 47, 48, 51, 53, 54, 55, 56, 58, 67, 68, 69, 70, 73, 74, 76, 82, 83, 86, 87, 89, 96, 98, 108, 109, 110, 112, 126, 127, 130, 131, 134, 136, 137, 139, 145, 146, 148, 150, 166, 167, 168, 170, 171, 173, 174, 175, 176, 177, 179, 181, 187, 188, 189, 190, 192, 196, 199, 206, 207, 210, 214, 219], "summary": {"covered_lines": 83, "num_statements": 83, "percent_covered": 100.0, "percent_covered_display": "100", "missing_lines": 0, "excluded_lines": 0, "percent_statements_covered": 100.0, "percent_statements_covered_display": "100"}, "missing_lines": [], "excluded_lines": [], "functions": {"TokenBucket.__post_init__": {"executed_lines": [33, 34, 35], "summary": {"covered_lines": 3, "num_statements": 3, "percent_covered": 100.0, "percent_covered_display": "100", "missing_lines": 0, "excluded_lines": 0, "percent_statements_covered": 100.0, "percent_statements_covered_display": "100"}, "missing_lines": [], "excluded_lines": []}, "TokenBucket.consume": {"executed_lines": [46, 47, 48, 51, 53, 54, 55, 56], "summary": {"covered_lines": 8, "num_statements": 8, "percent_covered": 100.0, "percent_covered_display": "100", "missing_lines": 0, "excluded_lines": 0, "percent_statements_covered": 100.0, "percent_statements_covered_display": "100"}, "missing_lines": [], "excluded_lines": []}, "TokenBucket.get_wait_time": {"executed_lines": [67, 68, 69, 70], "summary": {"covered_lines": 4, "num_statements": 4, "percent_covered": 100.0, "percent_covered_display": "100", "missing_lines": 0, "excluded_lines": 0, "percent_statements_covered": 100.0, "percent_statements_covered_display": "100"}, "missing_lines": [], "excluded_lines": []}, "RateLimiter.__init__": {"executed_lines": [82, 83, 86, 87], "summary": {"covered_lines": 4, "num_statements": 4, "percent_covered": 100.0, "percent_covered_display": "100", "missing_lines": 0, "excluded_lines": 0, "percent_statements_covered": 100.0, "percent_statements_covered_display": "100"}, "missing_lines": [], "excluded_lines": []}, "RateLimiter.set_endpoint_limit": {"executed_lines": [96], "summary": {"covered_lines": 1, "num_statements": 1, "percent_covered": 100.0, "percent_covered_display": "100", "missing_lines": 0, "excluded_lines": 0, "percent_statements_covered": 100.0, "percent_statements_covered_display": "100"}, "missing_lines": [], "excluded_lines": []}, "RateLimiter.get_bucket_key": {"executed_lines": [108, 109, 110], "summary": {"covered_lines": 3, "num_statements": 3, "percent_covered": 100.0, "percent_covered_display": "100", "missing_lines": 0, "excluded_lines": 0, "percent_statements_covered": 100.0, "percent_statements_covered_display": "100"}, "missing_lines": [], "excluded_lines": []}, "RateLimiter.check_rate_limit": {"executed_lines": [126, 127, 130, 131, 134, 136, 137, 139, 145, 146, 148], "summary": {"covered_lines": 11, "num_statements": 11, "percent_covered": 100.0, "percent_covered_display": "100", "missing_lines": 0, "excluded_lines": 0, "percent_statements_covered": 100.0, "percent_statements_covered_display": "100"}, "missing_lines": [], "excluded_lines": []}, "RateLimiter.wait_if_limited": {"executed_lines": [166, 167, 168, 170, 171, 173, 174, 175, 176, 177, 179], "summary": {"covered_lines": 11, "num_statements": 11, "percent_covered": 100.0, "percent_covered_display": "100", "missing_lines": 0, "excluded_lines": 0, "percent_statements_covered": 100.0, "percent_statements_covered_display": "100"}, "missing_lines": [], "excluded_lines": []}, "RateLimiter.reset": {"executed_lines": [187, 188, 189, 190, 192], "summary": {"covered_lines": 5, "num_statements": 5, "percent_covered": 100.0, "percent_covered_display": "100", "missing_lines": 0, "excluded_lines": 0, "percent_statements_covered": 100.0, "percent_statements_covered_display": "100"}, "missing_lines": [], "excluded_lines": []}, "get_rate_limiter": {"executed_lines": [206, 207, 210, 214, 219], "summary": {"covered_lines": 5, "num_statements": 5, "percent_covered": 100.0, "percent_covered_display": "100", "missing_lines": 0, "excluded_lines": 0, "percent_statements_covered": 100.0, "percent_statements_covered_display": "100"}, "missing_lines": [], "excluded_lines": []}, "": {"executed_lines": [1, 6, 7, 8, 9, 10, 13, 14, 15, 17, 18, 19, 22, 23, 24, 26, 27, 28, 29, 31, 37, 58, 73, 74, 76, 89, 98, 112, 150, 181, 196, 199], "summary": {"covered_lines": 28, "num_statements": 28, "percent_covered": 100.0, "percent_covered_display": "100", "missing_lines": 0, "excluded_lines": 0, "percent_statements_covered": 100.0, "percent_statements_covered_display": "100"}, "missing_lines": [], "excluded_lines": []}}, "classes": {"RateLimitConfig": {"executed_lines": [], "summary": {"covered_lines": 0, "num_statements": 0, "percent_covered": 100.0, "percent_covered_display": "100", "missing_lines": 0, "excluded_lines": 0, "percent_statements_covered": 100.0, "percent_statements_covered_display": "100"}, "missing_lines": [], "excluded_lines": []}, "TokenBucket": {"executed_lines": [33, 34, 35, 46, 47, 48, 51, 53, 54, 55, 56, 67, 68, 69, 70], "summary": {"covered_lines": 15, "num_statements": 15, "percent_covered": 100.0, "percent_covered_display": "100", "missing_lines": 0, "excluded_lines": 0, "percent_statements_covered": 100.0, "percent_statements_covered_display": "100"}, "missing_lines": [], "excluded_lines": []}, "RateLimiter": {"executed_lines": [82, 83, 86, 87, 96, 108, 109, 110, 126, 127, 130, 131, 134, 136, 137, 139, 145, 146, 148, 166, 167, 168, 170, 171, 173, 174, 175, 176, 177, 179, 187, 188, 189, 190, 192], "summary": {"covered_lines": 35, "num_statements": 35, "percent_covered": 100.0, "percent_covered_display": "100", "missing_lines": 0, "excluded_lines": 0, "percent_statements_covered": 100.0, "percent_statements_covered_display": "100"}, "missing_lines": [], "excluded_lines": []}, "": {"executed_lines": [1, 6, 7, 8, 9, 10, 13, 14, 15, 17, 18, 19, 22, 23, 24, 26, 27, 28, 29, 31, 37, 58, 73, 74, 76, 89, 98, 112, 150, 181, 196, 199, 206, 207, 210, 214, 219], "summary": {"covered_lines": 33, "num_statements": 33, "percent_covered": 100.0, "percent_covered_display": "100", "missing_lines": 0, "excluded_lines": 0, "percent_statements_covered": 100.0, "percent_statements_covered_display": "100"}, "missing_lines": [], "excluded_lines": []}}}, "src\\functions\\services\\telemetry_service.py": {"executed_lines": [1, 6, 7, 8, 9, 10, 11, 13, 16, 17, 19, 21, 22, 23, 25, 27, 28, 30, 31, 32, 46, 47, 54, 56, 58, 59, 133, 134, 136, 153, 155, 159, 161, 162, 165, 166, 167, 170, 171, 173, 174, 176, 177, 179, 180, 182, 184, 185, 187, 195, 199, 200, 202, 203, 205, 206, 208, 209, 210, 212, 213, 215, 222, 224, 242, 243, 245, 246, 248, 249, 250, 253, 254, 256, 259, 260, 261, 262, 263, 264, 265, 268, 269, 270, 272, 273, 275, 276, 278, 295, 297, 302, 303, 304, 305, 306, 308, 315, 322, 329, 330, 332, 345, 346, 347, 349, 350, 370, 371, 377, 378, 380, 381, 391, 394, 401, 402, 403], "summary": {"covered_lines": 116, "num_statements": 142, "percent_covered": 81.69014084507042, "percent_covered_display": "82", "missing_lines": 26, "excluded_lines": 0, "percent_statements_covered": 81.69014084507042, "percent_statements_covered_display": "82"}, "missing_lines": [33, 35, 38, 39, 40, 43, 44, 45, 51, 52, 60, 63, 64, 65, 68, 75, 82, 89, 96, 103, 111, 119, 127, 128, 129, 131], "excluded_lines": [], "functions": {"TelemetryService.__init__": {"executed_lines": [21, 22, 23], "summary": {"covered_lines": 3, "num_statements": 3, "percent_covered": 100.0, "percent_covered_display": "100", "missing_lines": 0, "excluded_lines": 0, "percent_statements_covered": 100.0, "percent_statements_covered_display": "100"}, "missing_lines": [], "excluded_lines": []}, "TelemetryService._initialize_client": {"executed_lines": [27, 28, 30, 31, 32, 46, 47, 54], "summary": {"covered_lines": 8, "num_statements": 18, "percent_covered": 44.44444444444444, "percent_covered_display": "44", "missing_lines": 10, "excluded_lines": 0, "percent_statements_covered": 44.44444444444444, "percent_statements_covered_display": "44"}, "missing_lines": [33, 35, 38, 39, 40, 43, 44, 45, 51, 52], "excluded_lines": []}, "TelemetryService._setup_measures": {"executed_lines": [58, 59, 133, 134], "summary": {"covered_lines": 4, "num_statements": 20, "percent_covered": 20.0, "percent_covered_display": "20", "missing_lines": 16, "excluded_lines": 0, "percent_statements_covered": 20.0, "percent_statements_covered_display": "20"}, "missing_lines": [60, 63, 64, 65, 68, 75, 82, 89, 96, 103, 111, 119, 127, 128, 129, 131], "excluded_lines": []}, "TelemetryService.track_form_processed": {"executed_lines": [153, 155, 159, 161, 162, 165, 166, 167, 170, 171, 173, 174, 176, 177, 179, 180, 182, 184, 185], "summary": {"covered_lines": 19, "num_statements": 19, "percent_covered": 100.0, "percent_covered_display": "100", "missing_lines": 0, "excluded_lines": 0, "percent_statements_covered": 100.0, "percent_statements_covered_display": "100"}, "missing_lines": [], "excluded_lines": []}, "TelemetryService.track_retry": {"executed_lines": [195, 199, 200, 202, 203, 205, 206, 208, 209, 210, 212, 213], "summary": {"covered_lines": 12, "num_statements": 12, "percent_covered": 100.0, "percent_covered_display": "100", "missing_lines": 0, "excluded_lines": 0, "percent_statements_covered": 100.0, "percent_statements_covered_display": "100"}, "missing_lines": [], "excluded_lines": []}, "TelemetryService.track_dead_letter": {"executed_lines": [222], "summary": {"covered_lines": 1, "num_statements": 1, "percent_covered": 100.0, "percent_covered_display": "100", "missing_lines": 0, "excluded_lines": 0, "percent_statements_covered": 100.0, "percent_statements_covered_display": "100"}, "missing_lines": [], "excluded_lines": []}, "TelemetryService.track_metric": {"executed_lines": [242, 243, 245, 246, 248, 249, 250, 253, 254, 256, 259, 260, 261, 262, 263, 264, 265, 268, 269, 270, 272, 273, 275, 276], "summary": {"covered_lines": 24, "num_statements": 24, "percent_covered": 100.0, "percent_covered_display": "100", "missing_lines": 0, "excluded_lines": 0, "percent_statements_covered": 100.0, "percent_statements_covered_display": "100"}, "missing_lines": [], "excluded_lines": []}, "TelemetryService.track_batch_processing": {"executed_lines": [295, 297, 302, 303, 304, 305, 306], "summary": {"covered_lines": 7, "num_statements": 7, "percent_covered": 100.0, "percent_covered_display": "100", "missing_lines": 0, "excluded_lines": 0, "percent_statements_covered": 100.0, "percent_statements_covered_display": "100"}, "missing_lines": [], "excluded_lines": []}, "TelemetryService.track_profile_usage": {"executed_lines": [315], "summary": {"covered_lines": 1, "num_statements": 1, "percent_covered": 100.0, "percent_covered_display": "100", "missing_lines": 0, "excluded_lines": 0, "percent_statements_covered": 100.0, "percent_statements_covered_display": "100"}, "missing_lines": [], "excluded_lines": []}, "TelemetryService.track_idempotency_hit": {"executed_lines": [329, 330], "summary": {"covered_lines": 2, "num_statements": 2, "percent_covered": 100.0, "percent_covered_display": "100", "missing_lines": 0, "excluded_lines": 0, "percent_statements_covered": 100.0, "percent_statements_covered_display": "100"}, "missing_lines": [], "excluded_lines": []}, "TelemetryService.track_queue_job": {"executed_lines": [345, 346, 347], "summary": {"covered_lines": 3, "num_statements": 3, "percent_covered": 100.0, "percent_covered_display": "100", "missing_lines": 0, "excluded_lines": 0, "percent_statements_covered": 100.0, "percent_statements_covered_display": "100"}, "missing_lines": [], "excluded_lines": []}, "TelemetryService.track_operation": {"executed_lines": [370, 371, 377, 378, 380, 381], "summary": {"covered_lines": 6, "num_statements": 6, "percent_covered": 100.0, "percent_covered_display": "100", "missing_lines": 0, "excluded_lines": 0, "percent_statements_covered": 100.0, "percent_statements_covered_display": "100"}, "missing_lines": [], "excluded_lines": []}, "get_telemetry_service": {"executed_lines": [401, 402, 403], "summary": {"covered_lines": 3, "num_statements": 3, "percent_covered": 100.0, "percent_covered_display": "100", "missing_lines": 0, "excluded_lines": 0, "percent_statements_covered": 100.0, "percent_statements_covered_display": "100"}, "missing_lines": [], "excluded_lines": []}, "": {"executed_lines": [1, 6, 7, 8, 9, 10, 11, 13, 16, 17, 19, 25, 56, 136, 187, 215, 224, 278, 308, 322, 332, 349, 350, 391, 394], "summary": {"covered_lines": 23, "num_statements": 23, "percent_covered": 100.0, "percent_covered_display": "100", "missing_lines": 0, "excluded_lines": 0, "percent_statements_covered": 100.0, "percent_statements_covered_display": "100"}, "missing_lines": [], "excluded_lines": []}}, "classes": {"TelemetryService": {"executed_lines": [21, 22, 23, 27, 28, 30, 31, 32, 46, 47, 54, 58, 59, 133, 134, 153, 155, 159, 161, 162, 165, 166, 167, 170, 171, 173, 174, 176, 177, 179, 180, 182, 184, 185, 195, 199, 200, 202, 203, 205, 206, 208, 209, 210, 212, 213, 222, 242, 243, 245, 246, 248, 249, 250, 253, 254, 256, 259, 260, 261, 262, 263, 264, 265, 268, 269, 270, 272, 273, 275, 276, 295, 297, 302, 303, 304, 305, 306, 315, 329, 330, 345, 346, 347, 370, 371, 377, 378, 380, 381], "summary": {"covered_lines": 90, "num_statements": 116, "percent_covered": 77.58620689655173, "percent_covered_display": "78", "missing_lines": 26, "excluded_lines": 0, "percent_statements_covered": 77.58620689655173, "percent_statements_covered_display": "78"}, "missing_lines": [33, 35, 38, 39, 40, 43, 44, 45, 51, 52, 60, 63, 64, 65, 68, 75, 82, 89, 96, 103, 111, 119, 127, 128, 129, 131], "excluded_lines": []}, "": {"executed_lines": [1, 6, 7, 8, 9, 10, 11, 13, 16, 17, 19, 25, 56, 136, 187, 215, 224, 278, 308, 322, 332, 349, 350, 391, 394, 401, 402, 403], "summary": {"covered_lines": 26, "num_statements": 26, "percent_covered": 100.0, "percent_covered_display": "100", "missing_lines": 0, "excluded_lines": 0, "percent_statements_covered": 100.0, "percent_statements_covered_display": "100"}, "missing_lines": [], "excluded_lines": []}}}, "src\\functions\\services\\webhook_service.py": {"executed_lines": [1, 7, 8, 9, 10, 11, 13, 15, 18, 21, 24, 27, 28, 30, 31, 32, 33, 34, 37, 38, 40, 51, 52, 54, 73, 75, 76, 77, 79, 80, 82, 83, 84, 85, 94, 95, 99, 101, 105, 111, 112, 113, 115, 116, 117, 119, 120, 121, 124, 125, 128, 129, 131, 155, 165, 166, 168, 173, 191, 199, 206, 209, 216, 217, 218], "summary": {"covered_lines": 62, "num_statements": 62, "percent_covered": 100.0, "percent_covered_display": "100", "missing_lines": 0, "excluded_lines": 0, "percent_statements_covered": 100.0, "percent_statements_covered_display": "100"}, "missing_lines": [], "excluded_lines": [], "functions": {"WebhookError.__init__": {"executed_lines": [31, 32, 33, 34], "summary": {"covered_lines": 4, "num_statements": 4, "percent_covered": 100.0, "percent_covered_display": "100", "missing_lines": 0, "excluded_lines": 0, "percent_statements_covered": 100.0, "percent_statements_covered_display": "100"}, "missing_lines": [], "excluded_lines": []}, "WebhookService.__init__": {"executed_lines": [51, 52], "summary": {"covered_lines": 2, "num_statements": 2, "percent_covered": 100.0, "percent_covered_display": "100", "missing_lines": 0, "excluded_lines": 0, "percent_statements_covered": 100.0, "percent_statements_covered_display": "100"}, "missing_lines": [], "excluded_lines": []}, "WebhookService.send_notification": {"executed_lines": [73, 75, 76, 77, 79, 80, 82, 83, 84, 85, 94, 95, 99, 101, 105, 111, 112, 113, 115, 116, 117, 119, 120, 121, 124, 125, 128, 129], "summary": {"covered_lines": 28, "num_statements": 28, "percent_covered": 100.0, "percent_covered_display": "100", "missing_lines": 0, "excluded_lines": 0, "percent_statements_covered": 100.0, "percent_statements_covered_display": "100"}, "missing_lines": [], "excluded_lines": []}, "WebhookService.notify_processing_complete": {"executed_lines": [155, 165, 166, 168], "summary": {"covered_lines": 4, "num_statements": 4, "percent_covered": 100.0, "percent_covered_display": "100", "missing_lines": 0, "excluded_lines": 0, "percent_statements_covered": 100.0, "percent_statements_covered_display": "100"}, "missing_lines": [], "excluded_lines": []}, "WebhookService.notify_dead_letter": {"executed_lines": [191, 199], "summary": {"covered_lines": 2, "num_statements": 2, "percent_covered": 100.0, "percent_covered_display": "100", "missing_lines": 0, "excluded_lines": 0, "percent_statements_covered": 100.0, "percent_statements_covered_display": "100"}, "missing_lines": [], "excluded_lines": []}, "get_webhook_service": {"executed_lines": [216, 217, 218], "summary": {"covered_lines": 3, "num_statements": 3, "percent_covered": 100.0, "percent_covered_display": "100", "missing_lines": 0, "excluded_lines": 0, "percent_statements_covered": 100.0, "percent_statements_covered_display": "100"}, "missing_lines": [], "excluded_lines": []}, "": {"executed_lines": [1, 7, 8, 9, 10, 11, 13, 15, 18, 21, 24, 27, 28, 30, 37, 38, 40, 54, 131, 173, 206, 209], "summary": {"covered_lines": 19, "num_statements": 19, "percent_covered": 100.0, "percent_covered_display": "100", "missing_lines": 0, "excluded_lines": 0, "percent_statements_covered": 100.0, "percent_statements_covered_display": "100"}, "missing_lines": [], "excluded_lines": []}}, "classes": {"WebhookError": {"executed_lines": [31, 32, 33, 34], "summary": {"covered_lines": 4, "num_statements": 4, "percent_covered": 100.0, "percent_covered_display": "100", "missing_lines": 0, "excluded_lines": 0, "percent_statements_covered": 100.0, "percent_statements_covered_display": "100"}, "missing_lines": [], "excluded_lines": []}, "WebhookService": {"executed_lines": [51, 52, 73, 75, 76, 77, 79, 80, 82, 83, 84, 85, 94, 95, 99, 101, 105, 111, 112, 113, 115, 116, 117, 119, 120, 121, 124, 125, 128, 129, 155, 165, 166, 168, 191, 199], "summary": {"covered_lines": 36, "num_statements": 36, "percent_covered": 100.0, "percent_covered_display": "100", "missing_lines": 0, "excluded_lines": 0, "percent_statements_covered": 100.0, "percent_statements_covered_display": "100"}, "missing_lines": [], "excluded_lines": []}, "": {"executed_lines": [1, 7, 8, 9, 10, 11, 13, 15, 18, 21, 24, 27, 28, 30, 37, 38, 40, 54, 131, 173, 206, 209, 216, 217, 218], "summary": {"covered_lines": 22, "num_statements": 22, "percent_covered": 100.0, "percent_covered_display": "100", "missing_lines": 0, "excluded_lines": 0, "percent_statements_covered": 100.0, "percent_statements_covered_display": "100"}, "missing_lines": [], "excluded_lines": []}}}}, "totals": {"covered_lines": 2185, "num_statements": 2533, "percent_covered": 86.26135017765496, "percent_covered_display": "86", "missing_lines": 348, "excluded_lines": 3, "percent_statements_covered": 86.26135017765496, "percent_statements_covered_display": "86"}}